#
# There is insufficient memory for the Java Runtime Environment to continue.
# Native memory allocation (malloc) failed to allocate 1654736 bytes for Chunk::new
# Possible reasons:
#   The system is out of physical RAM or swap space
#   The process is running with CompressedOops enabled, and the Java Heap may be blocking the growth of the native heap
# Possible solutions:
#   Reduce memory load on the system
#   Increase physical memory or swap space
#   Check if swap backing store is full
#   Decrease Java heap size (-Xmx/-Xms)
#   Decrease number of Java threads
#   Decrease Java thread stack sizes (-Xss)
#   Set larger code cache with -XX:ReservedCodeCacheSize=
#   JVM is running with Zero Based Compressed Oops mode in which the Java heap is
#     placed in the first 32GB address space. The Java Heap base address is the
#     maximum limit for the native heap growth. Please use -XX:HeapBaseMinAddress
#     to set the Java Heap base and to place the Java Heap above 32GB virtual address.
# This output file may be truncated or incomplete.
#
#  Out of Memory Error (arena.cpp:168), pid=18060, tid=9624
#
# JRE version: Java(TM) SE Runtime Environment (21.0.2+13) (build 21.0.2+13-LTS-58)
# Java VM: Java HotSpot(TM) 64-Bit Server VM (21.0.2+13-LTS-58, mixed mode, sharing, tiered, compressed oops, compressed class ptrs, g1 gc, windows-amd64)
# No core dump will be written. Minidumps are not enabled by default on client versions of Windows
#

---------------  S U M M A R Y ------------

Command Line: -agentlib:jdwp=transport=dt_socket,address=127.0.0.1:49217,suspend=y,server=n -javaagent:C:\Users\Lenovo\AppData\Local\JetBrains\IdeaIC2023.2\captureAgent\debugger-agent.jar -Dfile.encoding=UTF-8 -Dsun.stdout.encoding=UTF-8 -Dsun.stderr.encoding=UTF-8 com.example.QuizApplicationImplemented.QuizApplicationImplementedApplication

Host: AMD Ryzen 5 5500U with Radeon Graphics         , 12 cores, 15G,  Windows 11 , 64 bit Build 26100 (10.0.26100.4484)
Time: Fri Aug  1 12:56:58 2025 India Standard Time elapsed time: 13.855866 seconds (0d 0h 0m 13s)

---------------  T H R E A D  ---------------

Current thread (0x0000026dea4c5a40):  JavaThread "C2 CompilerThread1" daemon [_thread_in_native, id=9624, stack(0x00000083dc900000,0x00000083dca00000) (1024K)]


Current CompileTask:
C2:  13855 1961       4       java.lang.invoke.MethodType::makeImpl (109 bytes)

Stack: [0x00000083dc900000,0x00000083dca00000]
Native frames: (J=compiled Java code, j=interpreted, Vv=VM code, C=native code)
V  [jvm.dll+0x6cade9]
V  [jvm.dll+0x8569c1]
V  [jvm.dll+0x858d2e]
V  [jvm.dll+0x859413]
V  [jvm.dll+0x280e56]
V  [jvm.dll+0xc3f3d]
V  [jvm.dll+0xc4473]
V  [jvm.dll+0x3b5bf2]
V  [jvm.dll+0x1e2209]
V  [jvm.dll+0x249d22]
V  [jvm.dll+0x2491b1]
V  [jvm.dll+0x1c9634]
V  [jvm.dll+0x258859]
V  [jvm.dll+0x256e3a]
V  [jvm.dll+0x3ef6c6]
V  [jvm.dll+0x7ff568]
V  [jvm.dll+0x6c953d]
C  [ucrtbase.dll+0x37b0]
C  [KERNEL32.DLL+0x2e8d7]
C  [ntdll.dll+0x3c34c]


---------------  P R O C E S S  ---------------

Threads class SMR info:
_java_thread_list=0x0000026dea018930, length=17, elements={
0x0000026dc60808d0, 0x0000026de4b07d00, 0x0000026de4b08370, 0x0000026de4b0aa60,
0x0000026de4b0b0d0, 0x0000026de4b122d0, 0x0000026de4b14f40, 0x0000026de54b9330,
0x0000026de54d9d80, 0x0000026de4b155d0, 0x0000026de5695a00, 0x0000026de5696ce0,
0x0000026de56cb5d0, 0x0000026de4b162f0, 0x0000026de4b16980, 0x0000026dea4c5a40,
0x0000026de55f9260
}

Java Threads: ( => current thread )
  0x0000026dc60808d0 JavaThread "main"                              [_thread_in_native, id=26380, stack(0x00000083daa00000,0x00000083dab00000) (1024K)]
  0x0000026de4b07d00 JavaThread "Reference Handler"          daemon [_thread_blocked, id=29992, stack(0x00000083db200000,0x00000083db300000) (1024K)]
  0x0000026de4b08370 JavaThread "Finalizer"                  daemon [_thread_blocked, id=19504, stack(0x00000083db300000,0x00000083db400000) (1024K)]
  0x0000026de4b0aa60 JavaThread "Signal Dispatcher"          daemon [_thread_blocked, id=34704, stack(0x00000083db400000,0x00000083db500000) (1024K)]
  0x0000026de4b0b0d0 JavaThread "Attach Listener"            daemon [_thread_blocked, id=21404, stack(0x00000083db500000,0x00000083db600000) (1024K)]
  0x0000026de4b122d0 JavaThread "Service Thread"             daemon [_thread_blocked, id=6368, stack(0x00000083db600000,0x00000083db700000) (1024K)]
  0x0000026de4b14f40 JavaThread "Monitor Deflation Thread"   daemon [_thread_blocked, id=20684, stack(0x00000083db700000,0x00000083db800000) (1024K)]
  0x0000026de54b9330 JavaThread "C2 CompilerThread0"         daemon [_thread_in_native, id=35264, stack(0x00000083db800000,0x00000083db900000) (1024K)]
  0x0000026de54d9d80 JavaThread "C1 CompilerThread0"         daemon [_thread_blocked, id=22628, stack(0x00000083db900000,0x00000083dba00000) (1024K)]
  0x0000026de4b155d0 JavaThread "Common-Cleaner"             daemon [_thread_blocked, id=30928, stack(0x00000083dba00000,0x00000083dbb00000) (1024K)]
  0x0000026de5695a00 JavaThread "JDWP Transport Listener: dt_socket" daemon [_thread_blocked, id=34972, stack(0x00000083dbb00000,0x00000083dbc00000) (1024K)]
  0x0000026de5696ce0 JavaThread "JDWP Event Helper Thread"   daemon [_thread_blocked, id=26280, stack(0x00000083dbc00000,0x00000083dbd00000) (1024K)]
  0x0000026de56cb5d0 JavaThread "JDWP Command Reader"        daemon [_thread_in_native, id=30164, stack(0x00000083dbd00000,0x00000083dbe00000) (1024K)]
  0x0000026de4b162f0 JavaThread "Notification Thread"        daemon [_thread_blocked, id=3208, stack(0x00000083dbe00000,0x00000083dbf00000) (1024K)]
  0x0000026de4b16980 JavaThread "background-preinit"                [_thread_in_vm, id=19292, stack(0x00000083dc800000,0x00000083dc900000) (1024K)]
=>0x0000026dea4c5a40 JavaThread "C2 CompilerThread1"         daemon [_thread_in_native, id=9624, stack(0x00000083dc900000,0x00000083dca00000) (1024K)]
  0x0000026de55f9260 JavaThread "C2 CompilerThread2"         daemon [_thread_blocked, id=11592, stack(0x00000083dca00000,0x00000083dcb00000) (1024K)]
Total: 17

Other Threads:
  0x0000026de4ae6880 VMThread "VM Thread"                           [id=28696, stack(0x00000083db100000,0x00000083db200000) (1024K)]
  0x0000026de4ac9830 WatcherThread "VM Periodic Task Thread"        [id=8792, stack(0x00000083db000000,0x00000083db100000) (1024K)]
  0x0000026dc60e7080 WorkerThread "GC Thread#0"                     [id=26668, stack(0x00000083dab00000,0x00000083dac00000) (1024K)]
  0x0000026dea8c5720 WorkerThread "GC Thread#1"                     [id=32364, stack(0x00000083dbf00000,0x00000083dc000000) (1024K)]
  0x0000026dea81c650 WorkerThread "GC Thread#2"                     [id=31420, stack(0x00000083dc000000,0x00000083dc100000) (1024K)]
  0x0000026dea81c9f0 WorkerThread "GC Thread#3"                     [id=34068, stack(0x00000083dc100000,0x00000083dc200000) (1024K)]
  0x0000026dea81cd90 WorkerThread "GC Thread#4"                     [id=34020, stack(0x00000083dc200000,0x00000083dc300000) (1024K)]
  0x0000026dea383f90 WorkerThread "GC Thread#5"                     [id=31704, stack(0x00000083dc300000,0x00000083dc400000) (1024K)]
  0x0000026de57fad90 WorkerThread "GC Thread#6"                     [id=28572, stack(0x00000083dc400000,0x00000083dc500000) (1024K)]
  0x0000026dea82d490 WorkerThread "GC Thread#7"                     [id=28468, stack(0x00000083dc500000,0x00000083dc600000) (1024K)]
  0x0000026dea82dc30 WorkerThread "GC Thread#8"                     [id=30604, stack(0x00000083dc600000,0x00000083dc700000) (1024K)]
  0x0000026dea82f240 WorkerThread "GC Thread#9"                     [id=9284, stack(0x00000083dc700000,0x00000083dc800000) (1024K)]
  0x0000026dc60f7740 ConcurrentGCThread "G1 Main Marker"            [id=40540, stack(0x00000083dac00000,0x00000083dad00000) (1024K)]
  0x0000026dc60f9e10 WorkerThread "G1 Conc#0"                       [id=25236, stack(0x00000083dad00000,0x00000083dae00000) (1024K)]
  0x0000026dc613e7a0 ConcurrentGCThread "G1 Refine#0"               [id=1780, stack(0x00000083dae00000,0x00000083daf00000) (1024K)]
  0x0000026de499e010 ConcurrentGCThread "G1 Service"                [id=32944, stack(0x00000083daf00000,0x00000083db000000) (1024K)]
Total: 16

Threads with active compile tasks:
C2 CompilerThread0    13907 2019       4       java.lang.invoke.MethodType::methodType (69 bytes)
C2 CompilerThread1    13907 1961       4       java.lang.invoke.MethodType::makeImpl (109 bytes)
Total: 2

VM state: not at safepoint (normal execution)

VM Mutex/Monitor currently owned by a thread: None

Heap address: 0x000000070a800000, size: 3928 MB, Compressed Oops mode: Zero based, Oop shift amount: 3

CDS archive(s) mapped at: [0x0000026d80000000-0x0000026d80c90000-0x0000026d80c90000), size 13172736, SharedBaseAddress: 0x0000026d80000000, ArchiveRelocationMode: 1.
Compressed class space mapped at: 0x0000026d81000000-0x0000026dc1000000, reserved size: 1073741824
Narrow klass base: 0x0000026d80000000, Narrow klass shift: 0, Narrow klass range: 0x100000000

GC Precious Log:
 CardTable entry size: 512
 Card Set container configuration: InlinePtr #cards 4 size 8 Array Of Cards #cards 16 size 48 Howl #buckets 8 coarsen threshold 3686 Howl Bitmap #cards 512 size 80 coarsen threshold 460 Card regions per heap region 1 cards per card region 4096
 CPUs: 12 total, 12 available
 Memory: 15709M
 Large Page Support: Disabled
 NUMA Support: Disabled
 Compressed Oops: Enabled (Zero based)
 Heap Region Size: 2M
 Heap Min Capacity: 8M
 Heap Initial Capacity: 246M
 Heap Max Capacity: 3928M
 Pre-touch: Disabled
 Parallel Workers: 10
 Concurrent Workers: 3
 Concurrent Refinement Workers: 10
 Periodic GC: Disabled

Heap:
 garbage-first heap   total 251904K, used 35827K [0x000000070a800000, 0x0000000800000000)
  region size 2048K, 17 young (34816K), 2 survivors (4096K)
 Metaspace       used 16546K, committed 16960K, reserved 1114112K
  class space    used 2046K, committed 2240K, reserved 1048576K

Heap Regions: E=young(eden), S=young(survivor), O=old, HS=humongous(starts), HC=humongous(continues), CS=collection set, F=free, TAMS=top-at-mark-start, PB=parsable bottom
|   0|0x000000070a800000, 0x000000070aa00000, 0x000000070aa00000|100%| O|  |TAMS 0x000000070a800000| PB 0x000000070a800000| Untracked 
|   1|0x000000070aa00000, 0x000000070ac00000, 0x000000070ac00000|100%| O|  |TAMS 0x000000070aa00000| PB 0x000000070aa00000| Untracked 
|   2|0x000000070ac00000, 0x000000070ae00000, 0x000000070ae00000|100%| O|  |TAMS 0x000000070ac00000| PB 0x000000070ac00000| Untracked 
|   3|0x000000070ae00000, 0x000000070aed57b0, 0x000000070b000000| 41%| O|  |TAMS 0x000000070ae00000| PB 0x000000070ae00000| Untracked 
|   4|0x000000070b000000, 0x000000070b000000, 0x000000070b200000|  0%| F|  |TAMS 0x000000070b000000| PB 0x000000070b000000| Untracked 
|   5|0x000000070b200000, 0x000000070b200000, 0x000000070b400000|  0%| F|  |TAMS 0x000000070b200000| PB 0x000000070b200000| Untracked 
|   6|0x000000070b400000, 0x000000070b400000, 0x000000070b600000|  0%| F|  |TAMS 0x000000070b400000| PB 0x000000070b400000| Untracked 
|   7|0x000000070b600000, 0x000000070b600000, 0x000000070b800000|  0%| F|  |TAMS 0x000000070b600000| PB 0x000000070b600000| Untracked 
|   8|0x000000070b800000, 0x000000070b800000, 0x000000070ba00000|  0%| F|  |TAMS 0x000000070b800000| PB 0x000000070b800000| Untracked 
|   9|0x000000070ba00000, 0x000000070ba00000, 0x000000070bc00000|  0%| F|  |TAMS 0x000000070ba00000| PB 0x000000070ba00000| Untracked 
|  10|0x000000070bc00000, 0x000000070bc00000, 0x000000070be00000|  0%| F|  |TAMS 0x000000070bc00000| PB 0x000000070bc00000| Untracked 
|  11|0x000000070be00000, 0x000000070be00000, 0x000000070c000000|  0%| F|  |TAMS 0x000000070be00000| PB 0x000000070be00000| Untracked 
|  12|0x000000070c000000, 0x000000070c000000, 0x000000070c200000|  0%| F|  |TAMS 0x000000070c000000| PB 0x000000070c000000| Untracked 
|  13|0x000000070c200000, 0x000000070c200000, 0x000000070c400000|  0%| F|  |TAMS 0x000000070c200000| PB 0x000000070c200000| Untracked 
|  14|0x000000070c400000, 0x000000070c400000, 0x000000070c600000|  0%| F|  |TAMS 0x000000070c400000| PB 0x000000070c400000| Untracked 
|  15|0x000000070c600000, 0x000000070c600000, 0x000000070c800000|  0%| F|  |TAMS 0x000000070c600000| PB 0x000000070c600000| Untracked 
|  16|0x000000070c800000, 0x000000070c800000, 0x000000070ca00000|  0%| F|  |TAMS 0x000000070c800000| PB 0x000000070c800000| Untracked 
|  17|0x000000070ca00000, 0x000000070ca00000, 0x000000070cc00000|  0%| F|  |TAMS 0x000000070ca00000| PB 0x000000070ca00000| Untracked 
|  18|0x000000070cc00000, 0x000000070cc00000, 0x000000070ce00000|  0%| F|  |TAMS 0x000000070cc00000| PB 0x000000070cc00000| Untracked 
|  19|0x000000070ce00000, 0x000000070ce00000, 0x000000070d000000|  0%| F|  |TAMS 0x000000070ce00000| PB 0x000000070ce00000| Untracked 
|  20|0x000000070d000000, 0x000000070d000000, 0x000000070d200000|  0%| F|  |TAMS 0x000000070d000000| PB 0x000000070d000000| Untracked 
|  21|0x000000070d200000, 0x000000070d200000, 0x000000070d400000|  0%| F|  |TAMS 0x000000070d200000| PB 0x000000070d200000| Untracked 
|  22|0x000000070d400000, 0x000000070d400000, 0x000000070d600000|  0%| F|  |TAMS 0x000000070d400000| PB 0x000000070d400000| Untracked 
|  23|0x000000070d600000, 0x000000070d600000, 0x000000070d800000|  0%| F|  |TAMS 0x000000070d600000| PB 0x000000070d600000| Untracked 
|  24|0x000000070d800000, 0x000000070d800000, 0x000000070da00000|  0%| F|  |TAMS 0x000000070d800000| PB 0x000000070d800000| Untracked 
|  25|0x000000070da00000, 0x000000070da00000, 0x000000070dc00000|  0%| F|  |TAMS 0x000000070da00000| PB 0x000000070da00000| Untracked 
|  26|0x000000070dc00000, 0x000000070dc00000, 0x000000070de00000|  0%| F|  |TAMS 0x000000070dc00000| PB 0x000000070dc00000| Untracked 
|  27|0x000000070de00000, 0x000000070de00000, 0x000000070e000000|  0%| F|  |TAMS 0x000000070de00000| PB 0x000000070de00000| Untracked 
|  28|0x000000070e000000, 0x000000070e000000, 0x000000070e200000|  0%| F|  |TAMS 0x000000070e000000| PB 0x000000070e000000| Untracked 
|  29|0x000000070e200000, 0x000000070e200000, 0x000000070e400000|  0%| F|  |TAMS 0x000000070e200000| PB 0x000000070e200000| Untracked 
|  30|0x000000070e400000, 0x000000070e400000, 0x000000070e600000|  0%| F|  |TAMS 0x000000070e400000| PB 0x000000070e400000| Untracked 
|  31|0x000000070e600000, 0x000000070e600000, 0x000000070e800000|  0%| F|  |TAMS 0x000000070e600000| PB 0x000000070e600000| Untracked 
|  32|0x000000070e800000, 0x000000070e800000, 0x000000070ea00000|  0%| F|  |TAMS 0x000000070e800000| PB 0x000000070e800000| Untracked 
|  33|0x000000070ea00000, 0x000000070ea00000, 0x000000070ec00000|  0%| F|  |TAMS 0x000000070ea00000| PB 0x000000070ea00000| Untracked 
|  34|0x000000070ec00000, 0x000000070ec00000, 0x000000070ee00000|  0%| F|  |TAMS 0x000000070ec00000| PB 0x000000070ec00000| Untracked 
|  35|0x000000070ee00000, 0x000000070ee00000, 0x000000070f000000|  0%| F|  |TAMS 0x000000070ee00000| PB 0x000000070ee00000| Untracked 
|  36|0x000000070f000000, 0x000000070f000000, 0x000000070f200000|  0%| F|  |TAMS 0x000000070f000000| PB 0x000000070f000000| Untracked 
|  37|0x000000070f200000, 0x000000070f200000, 0x000000070f400000|  0%| F|  |TAMS 0x000000070f200000| PB 0x000000070f200000| Untracked 
|  38|0x000000070f400000, 0x000000070f400000, 0x000000070f600000|  0%| F|  |TAMS 0x000000070f400000| PB 0x000000070f400000| Untracked 
|  39|0x000000070f600000, 0x000000070f600000, 0x000000070f800000|  0%| F|  |TAMS 0x000000070f600000| PB 0x000000070f600000| Untracked 
|  40|0x000000070f800000, 0x000000070f800000, 0x000000070fa00000|  0%| F|  |TAMS 0x000000070f800000| PB 0x000000070f800000| Untracked 
|  41|0x000000070fa00000, 0x000000070fa00000, 0x000000070fc00000|  0%| F|  |TAMS 0x000000070fa00000| PB 0x000000070fa00000| Untracked 
|  42|0x000000070fc00000, 0x000000070fc00000, 0x000000070fe00000|  0%| F|  |TAMS 0x000000070fc00000| PB 0x000000070fc00000| Untracked 
|  43|0x000000070fe00000, 0x000000070fe00000, 0x0000000710000000|  0%| F|  |TAMS 0x000000070fe00000| PB 0x000000070fe00000| Untracked 
|  44|0x0000000710000000, 0x0000000710000000, 0x0000000710200000|  0%| F|  |TAMS 0x0000000710000000| PB 0x0000000710000000| Untracked 
|  45|0x0000000710200000, 0x0000000710200000, 0x0000000710400000|  0%| F|  |TAMS 0x0000000710200000| PB 0x0000000710200000| Untracked 
|  46|0x0000000710400000, 0x0000000710400000, 0x0000000710600000|  0%| F|  |TAMS 0x0000000710400000| PB 0x0000000710400000| Untracked 
|  47|0x0000000710600000, 0x0000000710600000, 0x0000000710800000|  0%| F|  |TAMS 0x0000000710600000| PB 0x0000000710600000| Untracked 
|  48|0x0000000710800000, 0x0000000710800000, 0x0000000710a00000|  0%| F|  |TAMS 0x0000000710800000| PB 0x0000000710800000| Untracked 
|  49|0x0000000710a00000, 0x0000000710a00000, 0x0000000710c00000|  0%| F|  |TAMS 0x0000000710a00000| PB 0x0000000710a00000| Untracked 
|  50|0x0000000710c00000, 0x0000000710c00000, 0x0000000710e00000|  0%| F|  |TAMS 0x0000000710c00000| PB 0x0000000710c00000| Untracked 
|  51|0x0000000710e00000, 0x0000000710e00000, 0x0000000711000000|  0%| F|  |TAMS 0x0000000710e00000| PB 0x0000000710e00000| Untracked 
|  52|0x0000000711000000, 0x0000000711000000, 0x0000000711200000|  0%| F|  |TAMS 0x0000000711000000| PB 0x0000000711000000| Untracked 
|  53|0x0000000711200000, 0x0000000711200000, 0x0000000711400000|  0%| F|  |TAMS 0x0000000711200000| PB 0x0000000711200000| Untracked 
|  54|0x0000000711400000, 0x0000000711400000, 0x0000000711600000|  0%| F|  |TAMS 0x0000000711400000| PB 0x0000000711400000| Untracked 
|  55|0x0000000711600000, 0x0000000711600000, 0x0000000711800000|  0%| F|  |TAMS 0x0000000711600000| PB 0x0000000711600000| Untracked 
|  56|0x0000000711800000, 0x0000000711800000, 0x0000000711a00000|  0%| F|  |TAMS 0x0000000711800000| PB 0x0000000711800000| Untracked 
|  57|0x0000000711a00000, 0x0000000711a00000, 0x0000000711c00000|  0%| F|  |TAMS 0x0000000711a00000| PB 0x0000000711a00000| Untracked 
|  58|0x0000000711c00000, 0x0000000711c00000, 0x0000000711e00000|  0%| F|  |TAMS 0x0000000711c00000| PB 0x0000000711c00000| Untracked 
|  59|0x0000000711e00000, 0x0000000711e00000, 0x0000000712000000|  0%| F|  |TAMS 0x0000000711e00000| PB 0x0000000711e00000| Untracked 
|  60|0x0000000712000000, 0x0000000712000000, 0x0000000712200000|  0%| F|  |TAMS 0x0000000712000000| PB 0x0000000712000000| Untracked 
|  61|0x0000000712200000, 0x0000000712200000, 0x0000000712400000|  0%| F|  |TAMS 0x0000000712200000| PB 0x0000000712200000| Untracked 
|  62|0x0000000712400000, 0x0000000712400000, 0x0000000712600000|  0%| F|  |TAMS 0x0000000712400000| PB 0x0000000712400000| Untracked 
|  63|0x0000000712600000, 0x0000000712600000, 0x0000000712800000|  0%| F|  |TAMS 0x0000000712600000| PB 0x0000000712600000| Untracked 
|  64|0x0000000712800000, 0x0000000712800000, 0x0000000712a00000|  0%| F|  |TAMS 0x0000000712800000| PB 0x0000000712800000| Untracked 
|  65|0x0000000712a00000, 0x0000000712a00000, 0x0000000712c00000|  0%| F|  |TAMS 0x0000000712a00000| PB 0x0000000712a00000| Untracked 
|  66|0x0000000712c00000, 0x0000000712c00000, 0x0000000712e00000|  0%| F|  |TAMS 0x0000000712c00000| PB 0x0000000712c00000| Untracked 
|  67|0x0000000712e00000, 0x0000000712e00000, 0x0000000713000000|  0%| F|  |TAMS 0x0000000712e00000| PB 0x0000000712e00000| Untracked 
|  68|0x0000000713000000, 0x0000000713000000, 0x0000000713200000|  0%| F|  |TAMS 0x0000000713000000| PB 0x0000000713000000| Untracked 
|  69|0x0000000713200000, 0x0000000713200000, 0x0000000713400000|  0%| F|  |TAMS 0x0000000713200000| PB 0x0000000713200000| Untracked 
|  70|0x0000000713400000, 0x0000000713400000, 0x0000000713600000|  0%| F|  |TAMS 0x0000000713400000| PB 0x0000000713400000| Untracked 
|  71|0x0000000713600000, 0x0000000713600000, 0x0000000713800000|  0%| F|  |TAMS 0x0000000713600000| PB 0x0000000713600000| Untracked 
|  72|0x0000000713800000, 0x0000000713800000, 0x0000000713a00000|  0%| F|  |TAMS 0x0000000713800000| PB 0x0000000713800000| Untracked 
|  73|0x0000000713a00000, 0x0000000713a00000, 0x0000000713c00000|  0%| F|  |TAMS 0x0000000713a00000| PB 0x0000000713a00000| Untracked 
|  74|0x0000000713c00000, 0x0000000713c00000, 0x0000000713e00000|  0%| F|  |TAMS 0x0000000713c00000| PB 0x0000000713c00000| Untracked 
|  75|0x0000000713e00000, 0x0000000713e00000, 0x0000000714000000|  0%| F|  |TAMS 0x0000000713e00000| PB 0x0000000713e00000| Untracked 
|  76|0x0000000714000000, 0x0000000714000000, 0x0000000714200000|  0%| F|  |TAMS 0x0000000714000000| PB 0x0000000714000000| Untracked 
|  77|0x0000000714200000, 0x0000000714200000, 0x0000000714400000|  0%| F|  |TAMS 0x0000000714200000| PB 0x0000000714200000| Untracked 
|  78|0x0000000714400000, 0x0000000714400000, 0x0000000714600000|  0%| F|  |TAMS 0x0000000714400000| PB 0x0000000714400000| Untracked 
|  79|0x0000000714600000, 0x0000000714600000, 0x0000000714800000|  0%| F|  |TAMS 0x0000000714600000| PB 0x0000000714600000| Untracked 
|  80|0x0000000714800000, 0x0000000714800000, 0x0000000714a00000|  0%| F|  |TAMS 0x0000000714800000| PB 0x0000000714800000| Untracked 
|  81|0x0000000714a00000, 0x0000000714a00000, 0x0000000714c00000|  0%| F|  |TAMS 0x0000000714a00000| PB 0x0000000714a00000| Untracked 
|  82|0x0000000714c00000, 0x0000000714c00000, 0x0000000714e00000|  0%| F|  |TAMS 0x0000000714c00000| PB 0x0000000714c00000| Untracked 
|  83|0x0000000714e00000, 0x0000000714e00000, 0x0000000715000000|  0%| F|  |TAMS 0x0000000714e00000| PB 0x0000000714e00000| Untracked 
|  84|0x0000000715000000, 0x0000000715000000, 0x0000000715200000|  0%| F|  |TAMS 0x0000000715000000| PB 0x0000000715000000| Untracked 
|  85|0x0000000715200000, 0x0000000715200000, 0x0000000715400000|  0%| F|  |TAMS 0x0000000715200000| PB 0x0000000715200000| Untracked 
|  86|0x0000000715400000, 0x0000000715400000, 0x0000000715600000|  0%| F|  |TAMS 0x0000000715400000| PB 0x0000000715400000| Untracked 
|  87|0x0000000715600000, 0x0000000715600000, 0x0000000715800000|  0%| F|  |TAMS 0x0000000715600000| PB 0x0000000715600000| Untracked 
|  88|0x0000000715800000, 0x0000000715800000, 0x0000000715a00000|  0%| F|  |TAMS 0x0000000715800000| PB 0x0000000715800000| Untracked 
|  89|0x0000000715a00000, 0x0000000715a00000, 0x0000000715c00000|  0%| F|  |TAMS 0x0000000715a00000| PB 0x0000000715a00000| Untracked 
|  90|0x0000000715c00000, 0x0000000715c00000, 0x0000000715e00000|  0%| F|  |TAMS 0x0000000715c00000| PB 0x0000000715c00000| Untracked 
|  91|0x0000000715e00000, 0x0000000715e00000, 0x0000000716000000|  0%| F|  |TAMS 0x0000000715e00000| PB 0x0000000715e00000| Untracked 
|  92|0x0000000716000000, 0x0000000716000000, 0x0000000716200000|  0%| F|  |TAMS 0x0000000716000000| PB 0x0000000716000000| Untracked 
|  93|0x0000000716200000, 0x0000000716200000, 0x0000000716400000|  0%| F|  |TAMS 0x0000000716200000| PB 0x0000000716200000| Untracked 
|  94|0x0000000716400000, 0x0000000716400000, 0x0000000716600000|  0%| F|  |TAMS 0x0000000716400000| PB 0x0000000716400000| Untracked 
|  95|0x0000000716600000, 0x0000000716600000, 0x0000000716800000|  0%| F|  |TAMS 0x0000000716600000| PB 0x0000000716600000| Untracked 
|  96|0x0000000716800000, 0x0000000716800000, 0x0000000716a00000|  0%| F|  |TAMS 0x0000000716800000| PB 0x0000000716800000| Untracked 
|  97|0x0000000716a00000, 0x0000000716a00000, 0x0000000716c00000|  0%| F|  |TAMS 0x0000000716a00000| PB 0x0000000716a00000| Untracked 
|  98|0x0000000716c00000, 0x0000000716c00000, 0x0000000716e00000|  0%| F|  |TAMS 0x0000000716c00000| PB 0x0000000716c00000| Untracked 
|  99|0x0000000716e00000, 0x0000000716e00000, 0x0000000717000000|  0%| F|  |TAMS 0x0000000716e00000| PB 0x0000000716e00000| Untracked 
| 100|0x0000000717000000, 0x0000000717000000, 0x0000000717200000|  0%| F|  |TAMS 0x0000000717000000| PB 0x0000000717000000| Untracked 
| 101|0x0000000717200000, 0x0000000717200000, 0x0000000717400000|  0%| F|  |TAMS 0x0000000717200000| PB 0x0000000717200000| Untracked 
| 102|0x0000000717400000, 0x0000000717400000, 0x0000000717600000|  0%| F|  |TAMS 0x0000000717400000| PB 0x0000000717400000| Untracked 
| 103|0x0000000717600000, 0x0000000717600000, 0x0000000717800000|  0%| F|  |TAMS 0x0000000717600000| PB 0x0000000717600000| Untracked 
| 104|0x0000000717800000, 0x0000000717800000, 0x0000000717a00000|  0%| F|  |TAMS 0x0000000717800000| PB 0x0000000717800000| Untracked 
| 105|0x0000000717a00000, 0x0000000717a00000, 0x0000000717c00000|  0%| F|  |TAMS 0x0000000717a00000| PB 0x0000000717a00000| Untracked 
| 106|0x0000000717c00000, 0x0000000717c277f8, 0x0000000717e00000|  7%| S|CS|TAMS 0x0000000717c00000| PB 0x0000000717c00000| Complete 
| 107|0x0000000717e00000, 0x0000000718000000, 0x0000000718000000|100%| S|CS|TAMS 0x0000000717e00000| PB 0x0000000717e00000| Complete 
| 108|0x0000000718000000, 0x00000007181962e0, 0x0000000718200000| 79%| E|  |TAMS 0x0000000718000000| PB 0x0000000718000000| Complete 
| 109|0x0000000718200000, 0x0000000718400000, 0x0000000718400000|100%| E|CS|TAMS 0x0000000718200000| PB 0x0000000718200000| Complete 
| 110|0x0000000718400000, 0x0000000718600000, 0x0000000718600000|100%| E|CS|TAMS 0x0000000718400000| PB 0x0000000718400000| Complete 
| 111|0x0000000718600000, 0x0000000718800000, 0x0000000718800000|100%| E|CS|TAMS 0x0000000718600000| PB 0x0000000718600000| Complete 
| 112|0x0000000718800000, 0x0000000718a00000, 0x0000000718a00000|100%| E|CS|TAMS 0x0000000718800000| PB 0x0000000718800000| Complete 
| 113|0x0000000718a00000, 0x0000000718c00000, 0x0000000718c00000|100%| E|CS|TAMS 0x0000000718a00000| PB 0x0000000718a00000| Complete 
| 114|0x0000000718c00000, 0x0000000718e00000, 0x0000000718e00000|100%| E|CS|TAMS 0x0000000718c00000| PB 0x0000000718c00000| Complete 
| 115|0x0000000718e00000, 0x0000000719000000, 0x0000000719000000|100%| E|CS|TAMS 0x0000000718e00000| PB 0x0000000718e00000| Complete 
| 116|0x0000000719000000, 0x0000000719200000, 0x0000000719200000|100%| E|CS|TAMS 0x0000000719000000| PB 0x0000000719000000| Complete 
| 117|0x0000000719200000, 0x0000000719400000, 0x0000000719400000|100%| E|  |TAMS 0x0000000719200000| PB 0x0000000719200000| Complete 
| 118|0x0000000719400000, 0x0000000719600000, 0x0000000719600000|100%| E|CS|TAMS 0x0000000719400000| PB 0x0000000719400000| Complete 
| 119|0x0000000719600000, 0x0000000719800000, 0x0000000719800000|100%| E|CS|TAMS 0x0000000719600000| PB 0x0000000719600000| Complete 
| 120|0x0000000719800000, 0x0000000719a00000, 0x0000000719a00000|100%| E|CS|TAMS 0x0000000719800000| PB 0x0000000719800000| Complete 
| 121|0x0000000719a00000, 0x0000000719c00000, 0x0000000719c00000|100%| E|CS|TAMS 0x0000000719a00000| PB 0x0000000719a00000| Complete 
| 122|0x0000000719c00000, 0x0000000719e00000, 0x0000000719e00000|100%| E|CS|TAMS 0x0000000719c00000| PB 0x0000000719c00000| Complete 

Card table byte_map: [0x0000026dde1f0000,0x0000026dde9a0000] _byte_map_base: 0x0000026dda99c000

Marking Bits: (CMBitMap*) 0x0000026dc60e7780
 Bits: [0x0000026dde9a0000, 0x0000026de2700000)

Polling page: 0x0000026dc4000000

Metaspace:

Usage:
  Non-class:     14.18 MB used.
      Class:      2.00 MB used.
       Both:     16.18 MB used.

Virtual space:
  Non-class space:       64.00 MB reserved,      14.38 MB ( 22%) committed,  1 nodes.
      Class space:        1.00 GB reserved,       2.19 MB ( <1%) committed,  1 nodes.
             Both:        1.06 GB reserved,      16.56 MB (  2%) committed. 

Chunk freelists:
   Non-Class:  720.00 KB
       Class:  13.70 MB
        Both:  14.41 MB

MaxMetaspaceSize: unlimited
CompressedClassSpaceSize: 1.00 GB
Initial GC threshold: 21.00 MB
Current GC threshold: 21.00 MB
CDS: on
 - commit_granule_bytes: 65536.
 - commit_granule_words: 8192.
 - virtual_space_node_default_size: 8388608.
 - enlarge_chunks_in_place: 1.
 - use_allocation_guard: 0.


Internal statistics:

num_allocs_failed_limit: 0.
num_arena_births: 394.
num_arena_deaths: 0.
num_vsnodes_births: 2.
num_vsnodes_deaths: 0.
num_space_committed: 265.
num_space_uncommitted: 0.
num_chunks_returned_to_freelist: 0.
num_chunks_taken_from_freelist: 974.
num_chunk_merges: 0.
num_chunk_splits: 650.
num_chunks_enlarged: 455.
num_inconsistent_stats: 0.

CodeHeap 'non-profiled nmethods': size=120000Kb used=785Kb max_used=785Kb free=119214Kb
 bounds [0x0000026dd5fb0000, 0x0000026dd6220000, 0x0000026ddd4e0000]
CodeHeap 'profiled nmethods': size=120000Kb used=4282Kb max_used=4282Kb free=115717Kb
 bounds [0x0000026dce4e0000, 0x0000026dce910000, 0x0000026dd5a10000]
CodeHeap 'non-nmethods': size=5760Kb used=1498Kb max_used=1516Kb free=4261Kb
 bounds [0x0000026dd5a10000, 0x0000026dd5c80000, 0x0000026dd5fb0000]
 total_blobs=2715 nmethods=2194 adapters=425
 compilation: enabled
              stopped_count=0, restarted_count=0
 full_count=0

Compilation events (20 events):
Event: 11.813 Thread 0x0000026de54d9d80 nmethod 2131 0x0000026dce8efa90 code [0x0000026dce8efc20, 0x0000026dce8efd50]
Event: 11.813 Thread 0x0000026de54d9d80 2133       1       org.springframework.core.annotation.AnnotationTypeMapping::getRoot (5 bytes)
Event: 11.814 Thread 0x0000026de54d9d80 nmethod 2133 0x0000026dd606c190 code [0x0000026dd606c320, 0x0000026dd606c3f0]
Event: 11.814 Thread 0x0000026de55f9260 nmethod 2070 0x0000026dd606c490 code [0x0000026dd606c640, 0x0000026dd606ca28]
Event: 11.814 Thread 0x0000026de55f9260 2022       4       java.lang.instrument.ClassFileTransformer::transform (15 bytes)
Event: 11.816 Thread 0x0000026de54d9d80 2136       3       java.util.HashMap::isEmpty (13 bytes)
Event: 11.816 Thread 0x0000026de54d9d80 nmethod 2136 0x0000026dce8efe10 code [0x0000026dce8effa0, 0x0000026dce8f0108]
Event: 11.817 Thread 0x0000026de54d9d80 2138       3       org.springframework.asm.ClassReader::readUtf (161 bytes)
Event: 11.817 Thread 0x0000026de54d9d80 nmethod 2138 0x0000026dce8f0190 code [0x0000026dce8f0380, 0x0000026dce8f0830]
Event: 11.817 Thread 0x0000026de54d9d80 2137       3       org.springframework.asm.ClassReader::readUtf (44 bytes)
Event: 11.818 Thread 0x0000026de54d9d80 nmethod 2137 0x0000026dce8f0b10 code [0x0000026dce8f0d00, 0x0000026dce8f1120]
Event: 11.818 Thread 0x0000026de54d9d80 2139       3       java.nio.Buffer::position (52 bytes)
Event: 11.818 Thread 0x0000026de54d9d80 nmethod 2139 0x0000026dce8f1310 code [0x0000026dce8f14e0, 0x0000026dce8f1770]
Event: 11.820 Thread 0x0000026de54d9d80 2141       3       org.springframework.asm.ClassReader::readInt (52 bytes)
Event: 11.820 Thread 0x0000026de54d9d80 nmethod 2141 0x0000026dce8f1890 code [0x0000026dce8f1a40, 0x0000026dce8f1c18]
Event: 11.820 Thread 0x0000026de54d9d80 2142       3       org.springframework.asm.ClassReader::readUTF8 (23 bytes)
Event: 11.820 Thread 0x0000026de54d9d80 nmethod 2142 0x0000026dce8f1d90 code [0x0000026dce8f1f60, 0x0000026dce8f21c8]
Event: 11.825 Thread 0x0000026de54d9d80 2143       3       java.nio.Buffer::limit (65 bytes)
Event: 11.826 Thread 0x0000026de54d9d80 nmethod 2143 0x0000026dce8f2290 code [0x0000026dce8f2460, 0x0000026dce8f2730]
Event: 11.837 Thread 0x0000026de54d9d80 2144       3       org.springframework.core.type.classreading.SimpleMethodMetadataReadingVisitor::getSource (36 bytes)

GC Heap History (4 events):
Event: 7.730 GC heap before
{Heap before GC invocations=0 (full 0):
 garbage-first heap   total 251904K, used 20480K [0x000000070a800000, 0x0000000800000000)
  region size 2048K, 11 young (22528K), 0 survivors (0K)
 Metaspace       used 3939K, committed 4160K, reserved 1114112K
  class space    used 431K, committed 512K, reserved 1048576K
}
Event: 8.743 GC heap after
{Heap after GC invocations=1 (full 0):
 garbage-first heap   total 251904K, used 7041K [0x000000070a800000, 0x0000000800000000)
  region size 2048K, 2 young (4096K), 2 survivors (4096K)
 Metaspace       used 3939K, committed 4160K, reserved 1114112K
  class space    used 431K, committed 512K, reserved 1048576K
}
Event: 11.128 GC heap before
{Heap before GC invocations=1 (full 0):
 garbage-first heap   total 251904K, used 33665K [0x000000070a800000, 0x0000000800000000)
  region size 2048K, 15 young (30720K), 2 survivors (4096K)
 Metaspace       used 10340K, committed 10688K, reserved 1114112K
  class space    used 1298K, committed 1408K, reserved 1048576K
}
Event: 11.136 GC heap after
{Heap after GC invocations=2 (full 0):
 garbage-first heap   total 251904K, used 9203K [0x000000070a800000, 0x0000000800000000)
  region size 2048K, 2 young (4096K), 2 survivors (4096K)
 Metaspace       used 10340K, committed 10688K, reserved 1114112K
  class space    used 1298K, committed 1408K, reserved 1048576K
}

Dll operation events (8 events):
Event: 0.018 Loaded shared library C:\Program Files\Java\jdk-21\bin\java.dll
Event: 0.019 Loaded shared library C:\Program Files\Java\jdk-21\bin\zip.dll
Event: 0.061 Loaded shared library C:\Program Files\Java\jdk-21\bin\jsvml.dll
Event: 1.359 Loaded shared library C:\Program Files\Java\jdk-21\bin\instrument.dll
Event: 1.455 Loaded shared library C:\Program Files\Java\jdk-21\bin\net.dll
Event: 1.457 Loaded shared library C:\Program Files\Java\jdk-21\bin\nio.dll
Event: 1.479 Loaded shared library C:\Program Files\Java\jdk-21\bin\zip.dll
Event: 1.895 Loaded shared library C:\Program Files\Java\jdk-21\bin\jimage.dll

Deoptimization events (20 events):
Event: 11.645 Thread 0x0000026dc60808d0 Uncommon trap: trap_request=0xffffff45 fr.pc=0x0000026dd5ff0000 relative=0x0000000000000720
Event: 11.645 Thread 0x0000026dc60808d0 Uncommon trap: reason=unstable_if action=reinterpret pc=0x0000026dd5ff0000 method=java.util.zip.ZipCoder.hash(Ljava/lang/String;)I @ 23 c2
Event: 11.645 Thread 0x0000026dc60808d0 DEOPT PACKING pc=0x0000026dd5ff0000 sp=0x00000083daafe370
Event: 11.645 Thread 0x0000026dc60808d0 DEOPT UNPACKING pc=0x0000026dd5a646a2 sp=0x00000083daafe220 mode 2
Event: 11.645 Thread 0x0000026dc60808d0 Uncommon trap: trap_request=0xffffff45 fr.pc=0x0000026dd6005038 relative=0x0000000000000258
Event: 11.645 Thread 0x0000026dc60808d0 Uncommon trap: reason=unstable_if action=reinterpret pc=0x0000026dd6005038 method=java.io.WinNTFileSystem.normalize(Ljava/lang/String;)Ljava/lang/String; @ 128 c2
Event: 11.645 Thread 0x0000026dc60808d0 DEOPT PACKING pc=0x0000026dd6005038 sp=0x00000083daafe2a0
Event: 11.645 Thread 0x0000026dc60808d0 DEOPT UNPACKING pc=0x0000026dd5a646a2 sp=0x00000083daafe228 mode 2
Event: 11.646 Thread 0x0000026dc60808d0 Uncommon trap: trap_request=0xffffff45 fr.pc=0x0000026dd5feeb80 relative=0x0000000000000540
Event: 11.646 Thread 0x0000026dc60808d0 Uncommon trap: reason=unstable_if action=reinterpret pc=0x0000026dd5feeb80 method=java.util.zip.ZipCoder.hash(Ljava/lang/String;)I @ 23 c2
Event: 11.646 Thread 0x0000026dc60808d0 DEOPT PACKING pc=0x0000026dd5feeb80 sp=0x00000083daafe3b0
Event: 11.646 Thread 0x0000026dc60808d0 DEOPT UNPACKING pc=0x0000026dd5a646a2 sp=0x00000083daafe2e0 mode 2
Event: 11.646 Thread 0x0000026dc60808d0 Uncommon trap: trap_request=0xffffff45 fr.pc=0x0000026dd5fee0b0 relative=0x00000000000001f0
Event: 11.646 Thread 0x0000026dc60808d0 Uncommon trap: reason=unstable_if action=reinterpret pc=0x0000026dd5fee0b0 method=java.util.zip.ZipCoder.hash(Ljava/lang/String;)I @ 23 c2
Event: 11.646 Thread 0x0000026dc60808d0 DEOPT PACKING pc=0x0000026dd5fee0b0 sp=0x00000083daafe330
Event: 11.646 Thread 0x0000026dc60808d0 DEOPT UNPACKING pc=0x0000026dd5a646a2 sp=0x00000083daafe2d8 mode 2
Event: 11.650 Thread 0x0000026dc60808d0 Uncommon trap: trap_request=0xffffff45 fr.pc=0x0000026dd5fd1170 relative=0x0000000000000050
Event: 11.650 Thread 0x0000026dc60808d0 Uncommon trap: reason=unstable_if action=reinterpret pc=0x0000026dd5fd1170 method=sun.nio.fs.WindowsPathParser.isSlash(C)Z @ 9 c2
Event: 11.650 Thread 0x0000026dc60808d0 DEOPT PACKING pc=0x0000026dd5fd1170 sp=0x00000083daafe4f0
Event: 11.650 Thread 0x0000026dc60808d0 DEOPT UNPACKING pc=0x0000026dd5a646a2 sp=0x00000083daafe488 mode 2

Classes loaded (20 events):
Event: 11.826 Loading class com/fasterxml/jackson/datatype/jdk8/OptionalDoubleDeserializer
Event: 11.826 Loading class com/fasterxml/jackson/datatype/jdk8/OptionalDoubleDeserializer done
Event: 11.827 Loading class com/fasterxml/jackson/databind/introspect/NopAnnotationIntrospector$1
Event: 11.827 Loading class com/fasterxml/jackson/databind/introspect/NopAnnotationIntrospector$1 done
Event: 11.828 Loading class java/lang/reflect/MalformedParametersException
Event: 11.829 Loading class java/lang/reflect/MalformedParametersException done
Event: 11.829 Loading class com/fasterxml/jackson/module/paramnames/ParameterExtractor
Event: 11.829 Loading class com/fasterxml/jackson/module/paramnames/ParameterExtractor done
Event: 11.831 Loading class com/fasterxml/jackson/databind/module/SimpleDeserializers
Event: 11.831 Loading class com/fasterxml/jackson/databind/module/SimpleDeserializers done
Event: 11.833 Loading class com/fasterxml/jackson/core/exc/StreamReadException
Event: 11.833 Loading class com/fasterxml/jackson/core/exc/StreamReadException done
Event: 11.836 Loading class java/util/regex/Pattern$Pos
Event: 11.837 Loading class java/util/regex/Pattern$Pos done
Event: 11.837 Loading class com/fasterxml/jackson/datatype/jsr310/deser/InstantDeserializer$FromIntegerArguments
Event: 11.837 Loading class com/fasterxml/jackson/datatype/jsr310/deser/InstantDeserializer$FromIntegerArguments done
Event: 11.868 Loading class jakarta/persistence/Entity
Event: 11.868 Loading class jakarta/persistence/Entity done
Event: 12.857 Loading class jakarta/persistence/Table
Event: 12.857 Loading class jakarta/persistence/Table done

Classes unloaded (0 events):
No events

Classes redefined (0 events):
No events

Internal exceptions (20 events):
Event: 10.498 Thread 0x0000026dc60808d0 Exception <a 'java/lang/NoSuchMethodError'{0x0000000719074a10}: 'int java.lang.invoke.DirectMethodHandle$Holder.invokeStatic(java.lang.Object, long)'> (0x0000000719074a10) 
thrown [s\open\src\hotspot\share\interpreter\linkResolver.cpp, line 773]
Event: 10.504 Thread 0x0000026dc60808d0 Exception <a 'java/lang/NoSuchMethodError'{0x0000000719096620}: 'int java.lang.invoke.Invokers$Holder.linkToTargetMethod(java.lang.Object, java.lang.Object)'> (0x0000000719096620) 
thrown [s\open\src\hotspot\share\interpreter\linkResolver.cpp, line 773]
Event: 10.536 Thread 0x0000026dc60808d0 Exception <a 'java/lang/NoSuchMethodError'{0x0000000719122418}: 'java.lang.Object java.lang.invoke.DirectMethodHandle$Holder.invokeSpecial(java.lang.Object, java.lang.Object, java.lang.Object, int, java.lang.Object)'> (0x0000000719122418) 
thrown [s\open\src\hotspot\share\interpreter\linkResolver.cpp, line 773]
Event: 10.537 Thread 0x0000026dc60808d0 Exception <a 'java/lang/NoSuchMethodError'{0x0000000719129c10}: 'java.lang.Object java.lang.invoke.DirectMethodHandle$Holder.newInvokeSpecial(java.lang.Object, java.lang.Object, java.lang.Object, int, java.lang.Object)'> (0x0000000719129c10) 
thrown [s\open\src\hotspot\share\interpreter\linkResolver.cpp, line 773]
Event: 10.539 Thread 0x0000026dc60808d0 Exception <a 'java/lang/NoSuchMethodError'{0x00000007191310c8}: 'java.lang.Object java.lang.invoke.Invokers$Holder.linkToTargetMethod(java.lang.Object, java.lang.Object, int, java.lang.Object, java.lang.Object)'> (0x00000007191310c8) 
thrown [s\open\src\hotspot\share\interpreter\linkResolver.cpp, line 773]
Event: 10.541 Thread 0x0000026dc60808d0 Exception <a 'java/lang/NoSuchMethodError'{0x0000000719140228}: 'java.lang.Object java.lang.invoke.DirectMethodHandle$Holder.newInvokeSpecial(java.lang.Object, int, java.lang.Object)'> (0x0000000719140228) 
thrown [s\open\src\hotspot\share\interpreter\linkResolver.cpp, line 773]
Event: 10.542 Thread 0x0000026dc60808d0 Exception <a 'java/lang/NoSuchMethodError'{0x00000007191449c8}: 'int java.lang.invoke.DirectMethodHandle$Holder.invokeSpecialIFC(java.lang.Object, java.lang.Object, java.lang.Object, java.lang.Object)'> (0x00000007191449c8) 
thrown [s\open\src\hotspot\share\interpreter\linkResolver.cpp, line 773]
Event: 10.584 Thread 0x0000026dc60808d0 Exception <a 'java/lang/NoSuchMethodError'{0x00000007191ff870}: 'void java.lang.invoke.DirectMethodHandle$Holder.invokeInterface(java.lang.Object, java.lang.Object, java.lang.Object)'> (0x00000007191ff870) 
thrown [s\open\src\hotspot\share\interpreter\linkResolver.cpp, line 773]
Event: 10.623 Thread 0x0000026dc60808d0 Exception <a 'java/lang/NoSuchMethodError'{0x0000000718e8c1b0}: 'void java.lang.invoke.DirectMethodHandle$Holder.invokeStaticInit(java.lang.Object, java.lang.Object, java.lang.Object)'> (0x0000000718e8c1b0) 
thrown [s\open\src\hotspot\share\interpreter\linkResolver.cpp, line 773]
Event: 10.631 Thread 0x0000026dc60808d0 Exception <a 'java/lang/NoSuchMethodError'{0x0000000718ed06b8}: 'java.lang.Object java.lang.invoke.DirectMethodHandle$Holder.invokeStaticInit(java.lang.Object, int)'> (0x0000000718ed06b8) 
thrown [s\open\src\hotspot\share\interpreter\linkResolver.cpp, line 773]
Event: 10.636 Thread 0x0000026dc60808d0 Exception <a 'java/lang/NoSuchMethodError'{0x0000000718edc760}: 'java.lang.Object java.lang.invoke.DirectMethodHandle$Holder.invokeStatic(java.lang.Object, int, java.lang.Object)'> (0x0000000718edc760) 
thrown [s\open\src\hotspot\share\interpreter\linkResolver.cpp, line 773]
Event: 10.637 Thread 0x0000026dc60808d0 Exception <a 'java/lang/NoSuchMethodError'{0x0000000718edfdb0}: 'java.lang.Object java.lang.invoke.DirectMethodHandle$Holder.invokeStaticInit(java.lang.Object, int, java.lang.Object)'> (0x0000000718edfdb0) 
thrown [s\open\src\hotspot\share\interpreter\linkResolver.cpp, line 773]
Event: 10.652 Thread 0x0000026dc60808d0 Exception <a 'java/lang/NoSuchMethodError'{0x0000000718f029b0}: 'java.lang.Object java.lang.invoke.DirectMethodHandle$Holder.invokeVirtual(java.lang.Object, java.lang.Object, java.lang.Object)'> (0x0000000718f029b0) 
thrown [s\open\src\hotspot\share\interpreter\linkResolver.cpp, line 773]
Event: 10.710 Thread 0x0000026dc60808d0 Exception <a 'java/lang/NoSuchMethodError'{0x0000000718fe3298}: 'void java.lang.invoke.DirectMethodHandle$Holder.invokeVirtual(java.lang.Object, java.lang.Object, java.lang.Object, java.lang.Object)'> (0x0000000718fe3298) 
thrown [s\open\src\hotspot\share\interpreter\linkResolver.cpp, line 773]
Event: 10.950 Thread 0x0000026dc60808d0 Exception <a 'java/lang/NoSuchMethodError'{0x0000000718b571a0}: 'java.lang.Object java.lang.invoke.Invokers$Holder.invoke_MT(java.lang.Object, java.lang.Object, java.lang.Object, java.lang.Object, java.lang.Object, java.lang.Object, java.lang.Object, java.lang.Object, java.lang.Object)'> (0x0000000718b571a0) 
thrown [s\open\src\hotspot\share\interpreter\linkResolver.cpp, line 773]
Event: 10.953 Thread 0x0000026de4b16980 Exception <a 'java/lang/NoClassDefFoundError'{0x0000000718b7af20}: jakarta/validation/Validation> (0x0000000718b7af20) 
thrown [s\open\src\hotspot\share\classfile\systemDictionary.cpp, line 301]
Event: 10.962 Thread 0x0000026dc60808d0 Exception <a 'java/lang/NoSuchMethodError'{0x0000000718babd30}: 'java.lang.reflect.Field[] java.lang.Class.getDeclaredFields(java.lang.Class)'> (0x0000000718babd30) 
thrown [s\open\src\hotspot\share\interpreter\linkResolver.cpp, line 773]
Event: 10.995 Thread 0x0000026dc60808d0 Exception <a 'java/lang/IncompatibleClassChangeError'{0x00000007188c00e8}: Found class java.lang.Object, but interface was expected> (0x00000007188c00e8) 
thrown [s\open\src\hotspot\share\interpreter\linkResolver.cpp, line 840]
Event: 11.651 Thread 0x0000026dc60808d0 Exception <a 'java/lang/NoSuchMethodError'{0x00000007188a71e0}: 'int java.lang.invoke.DirectMethodHandle$Holder.invokeSpecial(java.lang.Object, java.lang.Object, java.lang.Object, java.lang.Object, java.lang.Object)'> (0x00000007188a71e0) 
thrown [s\open\src\hotspot\share\interpreter\linkResolver.cpp, line 773]
Event: 11.656 Thread 0x0000026dc60808d0 Exception <a 'java/lang/NoSuchMethodError'{0x00000007188b63d8}: 'void java.lang.invoke.DirectMethodHandle$Holder.invokeVirtual(java.lang.Object, java.lang.Object)'> (0x00000007188b63d8) 
thrown [s\open\src\hotspot\share\interpreter\linkResolver.cpp, line 773]

ZGC Phase Switch (0 events):
No events

VM Operations (20 events):
Event: 10.478 Executing VM operation: HandshakeAllThreads (Deoptimize)
Event: 10.478 Executing VM operation: HandshakeAllThreads (Deoptimize) done
Event: 10.883 Executing VM operation: HandshakeAllThreads (Deoptimize)
Event: 10.883 Executing VM operation: HandshakeAllThreads (Deoptimize) done
Event: 10.888 Executing VM operation: HandshakeAllThreads (Deoptimize)
Event: 10.888 Executing VM operation: HandshakeAllThreads (Deoptimize) done
Event: 10.889 Executing VM operation: HandshakeAllThreads (Deoptimize)
Event: 10.889 Executing VM operation: HandshakeAllThreads (Deoptimize) done
Event: 10.916 Executing VM operation: ICBufferFull
Event: 10.916 Executing VM operation: ICBufferFull done
Event: 11.128 Executing VM operation: G1CollectForAllocation (G1 Evacuation Pause)
Event: 11.136 Executing VM operation: G1CollectForAllocation (G1 Evacuation Pause) done
Event: 11.375 Executing VM operation: HandshakeAllThreads (Deoptimize)
Event: 11.375 Executing VM operation: HandshakeAllThreads (Deoptimize) done
Event: 11.474 Executing VM operation: HandshakeAllThreads (Deoptimize)
Event: 11.474 Executing VM operation: HandshakeAllThreads (Deoptimize) done
Event: 11.599 Executing VM operation: HandshakeAllThreads (Deoptimize)
Event: 11.599 Executing VM operation: HandshakeAllThreads (Deoptimize) done
Event: 12.603 Executing VM operation: Cleanup
Event: 12.856 Executing VM operation: Cleanup done

Events (19 events):
Event: 0.038 Thread 0x0000026dc60808d0 Thread added: 0x0000026dc60808d0
Event: 0.058 Thread 0x0000026de4b07d00 Thread added: 0x0000026de4b07d00
Event: 0.058 Thread 0x0000026de4b08370 Thread added: 0x0000026de4b08370
Event: 0.059 Thread 0x0000026de4b0aa60 Thread added: 0x0000026de4b0aa60
Event: 0.059 Thread 0x0000026de4b0b0d0 Thread added: 0x0000026de4b0b0d0
Event: 0.059 Thread 0x0000026de4b122d0 Thread added: 0x0000026de4b122d0
Event: 0.059 Thread 0x0000026de4b14f40 Thread added: 0x0000026de4b14f40
Event: 0.059 Thread 0x0000026de54b9330 Thread added: 0x0000026de54b9330
Event: 0.059 Thread 0x0000026de54d9d80 Thread added: 0x0000026de54d9d80
Event: 0.220 Thread 0x0000026de4b155d0 Thread added: 0x0000026de4b155d0
Event: 0.246 Thread 0x0000026de5695a00 Thread added: 0x0000026de5695a00
Event: 0.246 Thread 0x0000026de5696ce0 Thread added: 0x0000026de5696ce0
Event: 0.247 Thread 0x0000026de56cb5d0 Thread added: 0x0000026de56cb5d0
Event: 1.394 Thread 0x0000026de4b162f0 Thread added: 0x0000026de4b162f0
Event: 10.671 Thread 0x0000026dea61b470 Thread added: 0x0000026dea61b470
Event: 10.888 Thread 0x0000026dea61b470 Thread exited: 0x0000026dea61b470
Event: 10.946 Thread 0x0000026de4b16980 Thread added: 0x0000026de4b16980
Event: 11.026 Thread 0x0000026dea4c5a40 Thread added: 0x0000026dea4c5a40
Event: 11.760 Thread 0x0000026de55f9260 Thread added: 0x0000026de55f9260


Dynamic libraries:
0x00007ff7ec3d0000 - 0x00007ff7ec3e0000 	C:\Program Files\Java\jdk-21\bin\java.exe
0x00007ffdd5b00000 - 0x00007ffdd5d68000 	C:\WINDOWS\SYSTEM32\ntdll.dll
0x00007ffdd5880000 - 0x00007ffdd5949000 	C:\WINDOWS\System32\KERNEL32.DLL
0x00007ffdd2d00000 - 0x00007ffdd30ed000 	C:\WINDOWS\System32\KERNELBASE.dll
0x00007ffdd30f0000 - 0x00007ffdd323b000 	C:\WINDOWS\System32\ucrtbase.dll
0x00007ffdc7520000 - 0x00007ffdc7539000 	C:\Program Files\Java\jdk-21\bin\jli.dll
0x00007ffdcd250000 - 0x00007ffdcd26b000 	C:\Program Files\Java\jdk-21\bin\VCRUNTIME140.dll
0x00007ffdd47d0000 - 0x00007ffdd4884000 	C:\WINDOWS\System32\ADVAPI32.dll
0x00007ffdd55b0000 - 0x00007ffdd5659000 	C:\WINDOWS\System32\msvcrt.dll
0x00007ffdd4b80000 - 0x00007ffdd4c26000 	C:\WINDOWS\System32\sechost.dll
0x00007ffdd5660000 - 0x00007ffdd5778000 	C:\WINDOWS\System32\RPCRT4.dll
0x00007ffdd5350000 - 0x00007ffdd551c000 	C:\WINDOWS\System32\USER32.dll
0x00007ffdc1520000 - 0x00007ffdc17ba000 	C:\WINDOWS\WinSxS\amd64_microsoft.windows.common-controls_6595b64144ccf1df_6.0.26100.4484_none_3e0e6d4ce32ef3b3\COMCTL32.dll
0x00007ffdd3600000 - 0x00007ffdd3627000 	C:\WINDOWS\System32\win32u.dll
0x00007ffdd4060000 - 0x00007ffdd408b000 	C:\WINDOWS\System32\GDI32.dll
0x00007ffdd36c0000 - 0x00007ffdd37f7000 	C:\WINDOWS\System32\gdi32full.dll
0x00007ffdd2c50000 - 0x00007ffdd2cf3000 	C:\WINDOWS\System32\msvcp_win.dll
0x00007ffdcb590000 - 0x00007ffdcb59b000 	C:\WINDOWS\SYSTEM32\VERSION.dll
0x00007ffdd4790000 - 0x00007ffdd47bf000 	C:\WINDOWS\System32\IMM32.DLL
0x00007ffdcf5c0000 - 0x00007ffdcf5cc000 	C:\Program Files\Java\jdk-21\bin\vcruntime140_1.dll
0x00007ffda77a0000 - 0x00007ffda782e000 	C:\Program Files\Java\jdk-21\bin\msvcp140.dll
0x00007ffd66240000 - 0x00007ffd66f57000 	C:\Program Files\Java\jdk-21\bin\server\jvm.dll
0x00007ffdd44a0000 - 0x00007ffdd4514000 	C:\WINDOWS\System32\WS2_32.dll
0x00007ffdd2aa0000 - 0x00007ffdd2afe000 	C:\WINDOWS\SYSTEM32\POWRPROF.dll
0x00007ffdcf7b0000 - 0x00007ffdcf7e5000 	C:\WINDOWS\SYSTEM32\WINMM.dll
0x00007ffdd2a80000 - 0x00007ffdd2a94000 	C:\WINDOWS\SYSTEM32\UMPDC.dll
0x00007ffdd19f0000 - 0x00007ffdd1a0b000 	C:\WINDOWS\SYSTEM32\kernel.appcore.dll
0x00007ffdcf570000 - 0x00007ffdcf57a000 	C:\Program Files\Java\jdk-21\bin\jimage.dll
0x00007ffdd0470000 - 0x00007ffdd06b1000 	C:\WINDOWS\SYSTEM32\DBGHELP.DLL
0x00007ffdd4090000 - 0x00007ffdd4416000 	C:\WINDOWS\System32\combase.dll
0x00007ffdd45a0000 - 0x00007ffdd4680000 	C:\WINDOWS\System32\OLEAUT32.dll
0x00007ffdcf760000 - 0x00007ffdcf7a3000 	C:\WINDOWS\SYSTEM32\dbgcore.DLL
0x00007ffdd3800000 - 0x00007ffdd3899000 	C:\WINDOWS\System32\bcryptPrimitives.dll
0x00007ffdaa8d0000 - 0x00007ffdaa90c000 	C:\Program Files\Java\jdk-21\bin\jdwp.dll
0x00007ffdcd3b0000 - 0x00007ffdcd3bf000 	C:\Program Files\Java\jdk-21\bin\instrument.dll
0x00007ffdc74e0000 - 0x00007ffdc74ff000 	C:\Program Files\Java\jdk-21\bin\java.dll
0x00007ffdbfa70000 - 0x00007ffdbfa88000 	C:\Program Files\Java\jdk-21\bin\zip.dll
0x00007ffdd38a0000 - 0x00007ffdd3fea000 	C:\WINDOWS\System32\SHELL32.dll
0x00007ffdd3300000 - 0x00007ffdd3474000 	C:\WINDOWS\System32\wintypes.dll
0x00007ffdd0890000 - 0x00007ffdd10eb000 	C:\WINDOWS\SYSTEM32\windows.storage.dll
0x00007ffdd4690000 - 0x00007ffdd4785000 	C:\WINDOWS\System32\SHCORE.dll
0x00007ffdd4e50000 - 0x00007ffdd4eba000 	C:\WINDOWS\System32\shlwapi.dll
0x00007ffdd2b60000 - 0x00007ffdd2b8f000 	C:\WINDOWS\SYSTEM32\profapi.dll
0x00007ffda1c30000 - 0x00007ffda1d07000 	C:\Program Files\Java\jdk-21\bin\jsvml.dll
0x00007ffdc8920000 - 0x00007ffdc892c000 	C:\Program Files\Java\jdk-21\bin\dt_socket.dll
0x00007ffdd1450000 - 0x00007ffdd1483000 	C:\WINDOWS\SYSTEM32\IPHLPAPI.DLL
0x00007ffdd1f80000 - 0x00007ffdd1fea000 	C:\WINDOWS\system32\mswsock.dll
0x00007ffdcf490000 - 0x00007ffdcf4a0000 	C:\Program Files\Java\jdk-21\bin\net.dll
0x00007ffdc80f0000 - 0x00007ffdc820e000 	C:\WINDOWS\SYSTEM32\WINHTTP.dll
0x00007ffdc38b0000 - 0x00007ffdc38c6000 	C:\Program Files\Java\jdk-21\bin\nio.dll

dbghelp: loaded successfully - version: 4.0.5 - missing functions: none
symbol engine: initialized successfully - sym options: 0x614 - pdb path: .;C:\Program Files\Java\jdk-21\bin;C:\WINDOWS\SYSTEM32;C:\WINDOWS\WinSxS\amd64_microsoft.windows.common-controls_6595b64144ccf1df_6.0.26100.4484_none_3e0e6d4ce32ef3b3;C:\Program Files\Java\jdk-21\bin\server

VM Arguments:
jvm_args: -agentlib:jdwp=transport=dt_socket,address=127.0.0.1:49217,suspend=y,server=n -javaagent:C:\Users\Lenovo\AppData\Local\JetBrains\IdeaIC2023.2\captureAgent\debugger-agent.jar -Dfile.encoding=UTF-8 -Dsun.stdout.encoding=UTF-8 -Dsun.stderr.encoding=UTF-8 
java_command: com.example.QuizApplicationImplemented.QuizApplicationImplementedApplication
java_class_path (initial): C:\Users\Lenovo\OneDrive\Desktop\new git folder (quiz)\backend\QuizApplicationImplemented\target\classes;C:\Users\Lenovo\.m2\repository\org\springframework\boot\spring-boot-starter-data-jpa\3.5.3\spring-boot-starter-data-jpa-3.5.3.jar;C:\Users\Lenovo\.m2\repository\org\springframework\boot\spring-boot-starter\3.5.3\spring-boot-starter-3.5.3.jar;C:\Users\Lenovo\.m2\repository\org\springframework\boot\spring-boot\3.5.3\spring-boot-3.5.3.jar;C:\Users\Lenovo\.m2\repository\org\springframework\boot\spring-boot-autoconfigure\3.5.3\spring-boot-autoconfigure-3.5.3.jar;C:\Users\Lenovo\.m2\repository\org\springframework\boot\spring-boot-starter-logging\3.5.3\spring-boot-starter-logging-3.5.3.jar;C:\Users\Lenovo\.m2\repository\ch\qos\logback\logback-classic\1.5.18\logback-classic-1.5.18.jar;C:\Users\Lenovo\.m2\repository\ch\qos\logback\logback-core\1.5.18\logback-core-1.5.18.jar;C:\Users\Lenovo\.m2\repository\org\apache\logging\log4j\log4j-to-slf4j\2.24.3\log4j-to-slf4j-2.24.3.jar;C:\Users\Lenovo\.m2\repository\org\apache\logging\log4j\log4j-api\2.24.3\log4j-api-2.24.3.jar;C:\Users\Lenovo\.m2\repository\org\slf4j\jul-to-slf4j\2.0.17\jul-to-slf4j-2.0.17.jar;C:\Users\Lenovo\.m2\repository\jakarta\annotation\jakarta.annotation-api\2.1.1\jakarta.annotation-api-2.1.1.jar;C:\Users\Lenovo\.m2\repository\org\yaml\snakeyaml\2.4\snakeyaml-2.4.jar;C:\Users\Lenovo\.m2\repository\org\springframework\boot\spring-boot-starter-jdbc\3.5.3\spring-boot-starter-jdbc-3.5.3.jar;C:\Users\Lenovo\.m2\repository\com\zaxxer\HikariCP\6.3.0\HikariCP-6.3.0.jar;C:\Users\Lenovo\.m2\repository\org\springframework\spring-jdbc\6.2.8\spring-jdbc-6.2.8.jar;C:\Users\Lenovo\.m2\repository\org\hibernate\orm\hibernate-core\6.6.18.Final\hibernate-core-6.6.18.Final.jar;C:\Users\Lenovo\.m2\repository\jakarta\persistence\jakarta.persistence-api\3.1.0\jakarta.persistence-api-3.1.0.jar;C:\Users\Lenovo\.m2\repository\jakarta\transaction\jakarta.transaction-api\2.0.1\jakarta.transaction-api-2.0.1.jar;C:\Users\Lenovo\.m2\repository\org\jboss\logging\jboss-logging\3.6.1.Final\jboss-logging-3.6.1.Final.jar;C:\Users\Lenovo\.m2\repository\org\hibernate\common\hibernate-commons-annotations\7.0.3.Final\hibernate-commons-annotations-7.0.3.Final.jar;C:\Users\Lenovo\.m2\repository\io\smallrye\jandex\3.2.0\jandex-3.2.0.jar;C:\Users\Lenovo\.m2\repository\com\fasterxml\classmate\1.7.0\classmate-1.7.0.jar;C:\Users\Lenovo\.m2\repository\net\bytebuddy\byte-buddy\1.17.6\byte-buddy-1.17.6.jar;C:\Users\Lenovo\.m2\repository\org\glassfish\jaxb\jaxb-runtime\4.0.5\jaxb-runtime-4.0.5.jar;C:\Users\Lenovo\.m2\repository\org\glassfish\jaxb\jaxb-core\4.0.5\jaxb-core-4.0.5.jar;C:\Users\Lenovo\.m2\repository\org\glassfish\jaxb\txw2\4.0.5\txw2-4.0.5.jar;C:\Users\Lenovo\.m2\repository\com\sun\istack\istack-commons-runtime\4.1.2\istack-commons-runtime-4.1.2.jar;C:\Users\Lenovo\.m2\repository\jakarta\inject\jakarta.inject-api\2.0.1\jakarta.inject-api-2.0.1.jar;C:\Users\Lenovo\.m2\repository\org\antlr\antlr4-runtime\4.13.0\antlr4-runtime-4.13.0.jar;C:\Users\Lenovo\.m2\repository\org\springframework\data\spring-data-jpa\3.5.1\spring-data-jpa-3.5.1.jar;C:\Users\Lenovo\.m2\repository\org\springframework\data\spring-data-commons\3.5.1\spring-data-commons-3.5.1.jar;C:\Users\Lenovo\.m2\repository\org\springframework\spring-orm\6.2.8\spring-orm-6.2.8.jar;C:\Users\Lenovo\.m2\repository\org\springframework\spring-context\6.2.8\spring-context-6.2.8.jar;C:\Users\Lenovo\.m2\repository\org\springframework\spring-tx\6.2.8\spring-tx-6.2.8.jar;C:\Users\Lenovo\.m2\repository\org\springframework\spring-beans\6.2.8\spring-beans-6.2.8.jar;C:\Users\Lenovo\.m2\repository\org\slf4j\slf4j-api\2.0.17\slf4j-api-2.0.17.jar;C:\Users\Lenovo\.m2\repository\org\springframework\spring-aspects\6.2.8\spring-aspects-6.2.8.jar;C:\Users\Lenovo\.m2\repository\org\aspectj\aspectjweaver\1.9.24\aspectjweaver-1.9.24.jar;C:\Users\Lenovo\.m2\repository\org\springframework\boot\spring-boot-starter-security\3.5.3\spring-boot-starter-security-3.5.3.jar;C:\Users\Lenovo\.m2\repository\org\springframework\spring-aop\6.2.8\spring-aop-6.2.8.jar;C:\Users\Lenovo\.m2\repository\org\springframework\security\spring-security-config\6.5.1\spring-security-config-6.5.1.jar;C:\Users\Lenovo\.m2\repository\org\springframework\security\spring-security-web\6.5.1\spring-security-web-6.5.1.jar;C:\Users\Lenovo\.m2\repository\org\springframework\spring-expression\6.2.8\spring-expression-6.2.8.jar;C:\Users\Lenovo\.m2\repository\org\springframework\boot\spring-boot-starter-web\3.5.3\spring-boot-starter-web-3.5.3.jar;C:\Users\Lenovo\.m2\repository\org\springframework\boot\spring-boot-starter-json\3.5.3\spring-boot-starter-json-3.5.3.jar;C:\Users\Lenovo\.m2\repository\com\fasterxml\jackson\datatype\jackson-datatype-jdk8\2.19.1\jackson-datatype-jdk8-2.19.1.jar;C:\Users\Lenovo\.m2\repository\com\fasterxml\jackson\datatype\jackson-datatype-jsr310\2.19.1\jackson-datatype-jsr310-2.19.1.jar;C:\Users\Lenovo\.m2\repository\com\fasterxml\jackson\module\jackson-module-parameter-names\2.19.1\jackson-module-parameter-names-2.19.1.jar;C:\Users\Lenovo\.m2\repository\org\springframework\boot\spring-boot-starter-tomcat\3.5.3\spring-boot-starter-tomcat-3.5.3.jar;C:\Users\Lenovo\.m2\repository\org\apache\tomcat\embed\tomcat-embed-core\10.1.42\tomcat-embed-core-10.1.42.jar;C:\Users\Lenovo\.m2\repository\org\apache\tomcat\embed\tomcat-embed-el\10.1.42\tomcat-embed-el-10.1.42.jar;C:\Users\Lenovo\.m2\repository\org\apache\tomcat\embed\tomcat-embed-websocket\10.1.42\tomcat-embed-websocket-10.1.42.jar;C:\Users\Lenovo\.m2\repository\org\springframework\spring-web\6.2.8\spring-web-6.2.8.jar;C:\Users\Lenovo\.m2\repository\io\micrometer\micrometer-observation\1.15.1\micrometer-observation-1.15.1.jar;C:\Users\Lenovo\.m2\repository\io\micrometer\micrometer-commons\1.15.1\micrometer-commons-1.15.1.jar;C:\Users\Lenovo\.m2\repository\org\springframework\spring-webmvc\6.2.8\spring-webmvc-6.2.8.jar;C:\Users\Lenovo\.m2\repository\org\postgresql\postgresql\42.7.2\postgresql-42.7.2.jar;C:\Users\Lenovo\.m2\repository\org\checkerframework\checker-qual\3.42.0\checker-qual-3.42.0.jar;C:\Users\Lenovo\.m2\repository\org\projectlombok\lombok\1.18.38\lombok-1.18.38.jar;C:\Users\Lenovo\.m2\repository\jakarta\xml\bind\jakarta.xml.bind-api\4.0.2\jakarta.xml.bind-api-4.0.2.jar;C:\Users\Lenovo\.m2\repository\jakarta\activation\jakarta.activation-api\2.1.3\jakarta.activation-api-2.1.3.jar;C:\Users\Lenovo\.m2\repository\org\springframework\spring-core\6.2.8\spring-core-6.2.8.jar;C:\Users\Lenovo\.m2\repository\org\springframework\spring-jcl\6.2.8\spring-jcl-6.2.8.jar;C:\Users\Lenovo\.m2\repository\org\springframework\security\spring-security-core\6.5.1\spring-security-core-6.5.1.jar;C:\Users\Lenovo\.m2\repository\org\springframework\security\spring-security-crypto\6.5.1\spring-security-crypto-6.5.1.jar;C:\Users\Lenovo\.m2\repository\io\jsonwebtoken\jjwt-api\0.12.3\jjwt-api-0.12.3.jar;C:\Users\Lenovo\.m2\repository\io\jsonwebtoken\jjwt-impl\0.12.3\jjwt-impl-0.12.3.jar;C:\Users\Lenovo\.m2\repository\io\jsonwebtoken\jjwt-jackson\0.12.3\jjwt-jackson-0.12.3.jar;C:\Users\Lenovo\.m2\repository\com\fasterxml\jackson\core\jackson-databind\2.19.1\jackson-databind-2.19.1.jar;C:\Users\Lenovo\.m2\repository\com\fasterxml\jackson\core\jackson-annotations\2.19.1\jackson-annotations-2.19.1.jar;C:\Users\Lenovo\.m2\repository\com\fasterxml\jackson\core\jackson-core\2.19.1\jackson-core-2.19.1.jar;C:\Users\Lenovo\.m2\repository\org\springframework\boot\spring-boot-starter-mail\3.5.3\spring-boot-starter-mail-3.5.3.jar;C:\Users\Lenovo\.m2\repository\org\springframework\spring-context-support\6.2.8\spring-context-support-6.2.8.jar;C:\Users\Lenovo\.m2\repository\org\eclipse\angus\jakarta.mail\2.0.3\jakarta.mail-2.0.3.jar;C:\Users\Lenovo\.m2\repository\org\eclipse\angus\angus-activation\2.0.2\angus-activation-2.0.2.jar;C:\Program Files\JetBrains\IntelliJ IDEA Community Edition 2023.2.5\lib\idea_rt.jar
Launcher Type: SUN_STANDARD

[Global flags]
     intx CICompilerCount                          = 4                                         {product} {ergonomic}
     uint ConcGCThreads                            = 3                                         {product} {ergonomic}
     uint G1ConcRefinementThreads                  = 10                                        {product} {ergonomic}
   size_t G1HeapRegionSize                         = 2097152                                   {product} {ergonomic}
    uintx GCDrainStackTargetSize                   = 64                                        {product} {ergonomic}
   size_t InitialHeapSize                          = 257949696                                 {product} {ergonomic}
   size_t MarkStackSize                            = 4194304                                   {product} {ergonomic}
   size_t MaxHeapSize                              = 4118806528                                {product} {ergonomic}
   size_t MaxNewSize                               = 2470445056                                {product} {ergonomic}
   size_t MinHeapDeltaBytes                        = 2097152                                   {product} {ergonomic}
   size_t MinHeapSize                              = 8388608                                   {product} {ergonomic}
    uintx NonNMethodCodeHeapSize                   = 5839372                                {pd product} {ergonomic}
    uintx NonProfiledCodeHeapSize                  = 122909434                              {pd product} {ergonomic}
    uintx ProfiledCodeHeapSize                     = 122909434                              {pd product} {ergonomic}
    uintx ReservedCodeCacheSize                    = 251658240                              {pd product} {ergonomic}
     bool SegmentedCodeCache                       = true                                      {product} {ergonomic}
   size_t SoftMaxHeapSize                          = 4118806528                             {manageable} {ergonomic}
     bool UseCompressedOops                        = true                           {product lp64_product} {ergonomic}
     bool UseG1GC                                  = true                                      {product} {ergonomic}
     bool UseLargePagesIndividualAllocation        = false                                  {pd product} {ergonomic}

Logging:
Log output configuration:
 #0: stdout all=warning uptime,level,tags foldmultilines=false
 #1: stderr all=off uptime,level,tags foldmultilines=false

Environment Variables:
PATH=C:\Program Files\Common Files\Oracle\Java\javapath;C:\WINDOWS\system32;C:\WINDOWS;C:\WINDOWS\System32\Wbem;C:\WINDOWS\System32\WindowsPowerShell\v1.0\;C:\WINDOWS\System32\OpenSSH\;C:\Program Files\Java\jdk-20\bin;C:\Program Files\Git\cmd;C:\Program Files\nodejs\;C:\Program Files\Go\bin;C:\Program Files\MySQL\MySQL Shell 8.0\bin\;C:\Users\Lenovo\AppData\Local\Microsoft\WindowsApps;C:\Program Files\JetBrains\IntelliJ IDEA Community Edition 2023.2.5\bin;;C:\Users\Lenovo\AppData\Local\Programs\Microsoft VS Code\bin;C:\Program Files\PostgreSQL\15\bin;C:\Users\Lenovo\AppData\Roaming\npm;C:\Users\Lenovo\go\bin
USERNAME=Lenovo
OS=Windows_NT
PROCESSOR_IDENTIFIER=AMD64 Family 23 Model 104 Stepping 1, AuthenticAMD
TMP=C:\Users\Lenovo\AppData\Local\Temp
TEMP=C:\Users\Lenovo\AppData\Local\Temp




Periodic native trim disabled

---------------  S Y S T E M  ---------------

OS:
 Windows 11 , 64 bit Build 26100 (10.0.26100.4484)
OS uptime: 13 days 2:17 hours
Hyper-V role detected

CPU: total 12 (initial active 12) (12 cores per cpu, 2 threads per core) family 23 model 104 stepping 1 microcode 0x8608107, cx8, cmov, fxsr, ht, mmx, 3dnowpref, sse, sse2, sse3, ssse3, sse4a, sse4.1, sse4.2, popcnt, lzcnt, tsc, tscinvbit, avx, avx2, aes, clmul, bmi1, bmi2, adx, sha, fma, vzeroupper, clflush, clflushopt, hv, rdtscp, rdpid, f16c
Processor Information for processor 0
  Max Mhz: 2100, Current Mhz: 2100, Mhz Limit: 2100
Processor Information for processor 1
  Max Mhz: 2100, Current Mhz: 2100, Mhz Limit: 2100
Processor Information for processor 2
  Max Mhz: 2100, Current Mhz: 2100, Mhz Limit: 2100
Processor Information for processor 3
  Max Mhz: 2100, Current Mhz: 2100, Mhz Limit: 2100
Processor Information for processor 4
  Max Mhz: 2100, Current Mhz: 2100, Mhz Limit: 2100
Processor Information for processor 5
  Max Mhz: 2100, Current Mhz: 2100, Mhz Limit: 2100
Processor Information for processor 6
  Max Mhz: 2100, Current Mhz: 2100, Mhz Limit: 2100
Processor Information for processor 7
  Max Mhz: 2100, Current Mhz: 2100, Mhz Limit: 2100
Processor Information for processor 8
  Max Mhz: 2100, Current Mhz: 1813, Mhz Limit: 2100
Processor Information for processor 9
  Max Mhz: 2100, Current Mhz: 1813, Mhz Limit: 2100
Processor Information for processor 10
  Max Mhz: 2100, Current Mhz: 1813, Mhz Limit: 2100
Processor Information for processor 11
  Max Mhz: 2100, Current Mhz: 1813, Mhz Limit: 2100

Memory: 4k page, system-wide physical 15709M (2140M free)
TotalPageFile size 45933M (AvailPageFile size 33M)
current process WorkingSet (physical memory assigned to process): 140M, peak: 140M
current process commit charge ("private bytes"): 393M, peak: 393M

vm_info: Java HotSpot(TM) 64-Bit Server VM (21.0.2+13-LTS-58) for windows-amd64 JRE (21.0.2+13-LTS-58), built on 2024-01-05T18:32:24Z by "mach5one" with MS VC++ 17.1 (VS2022)

END.
