#
# There is insufficient memory for the Java Runtime Environment to continue.
# Native memory allocation (malloc) failed to allocate 1140496 bytes for Chunk::new
# Possible reasons:
#   The system is out of physical RAM or swap space
#   The process is running with CompressedOops enabled, and the Java Heap may be blocking the growth of the native heap
# Possible solutions:
#   Reduce memory load on the system
#   Increase physical memory or swap space
#   Check if swap backing store is full
#   Decrease Java heap size (-Xmx/-Xms)
#   Decrease number of Java threads
#   Decrease Java thread stack sizes (-Xss)
#   Set larger code cache with -XX:ReservedCodeCacheSize=
#   JVM is running with Zero Based Compressed Oops mode in which the Java heap is
#     placed in the first 32GB address space. The Java Heap base address is the
#     maximum limit for the native heap growth. Please use -XX:HeapBaseMinAddress
#     to set the Java Heap base and to place the Java Heap above 32GB virtual address.
# This output file may be truncated or incomplete.
#
#  Out of Memory Error (arena.cpp:168), pid=16424, tid=20340
#
# JRE version: Java(TM) SE Runtime Environment (21.0.2+13) (build 21.0.2+13-LTS-58)
# Java VM: Java HotSpot(TM) 64-Bit Server VM (21.0.2+13-LTS-58, mixed mode, sharing, tiered, compressed oops, compressed class ptrs, g1 gc, windows-amd64)
# No core dump will be written. Minidumps are not enabled by default on client versions of Windows
#

---------------  S U M M A R Y ------------

Command Line: -agentlib:jdwp=transport=dt_socket,address=127.0.0.1:49332,suspend=y,server=n -javaagent:C:\Users\Lenovo\AppData\Local\JetBrains\IdeaIC2023.2\captureAgent\debugger-agent.jar -Dfile.encoding=UTF-8 -Dsun.stdout.encoding=UTF-8 -Dsun.stderr.encoding=UTF-8 com.example.QuizApplicationImplemented.QuizApplicationImplementedApplication

Host: AMD Ryzen 5 5500U with Radeon Graphics         , 12 cores, 15G,  Windows 11 , 64 bit Build 26100 (10.0.26100.4484)
Time: Fri Aug  1 13:01:05 2025 India Standard Time elapsed time: 54.274411 seconds (0d 0h 0m 54s)

---------------  T H R E A D  ---------------

Current thread (0x00000254434d4c70):  JavaThread "C2 CompilerThread0" daemon [_thread_in_native, id=20340, stack(0x0000005cece00000,0x0000005cecf00000) (1024K)]


Current CompileTask:
C2:  54274 7377       4       java.lang.invoke.MethodType::makeImpl (109 bytes)

Stack: [0x0000005cece00000,0x0000005cecf00000]
Native frames: (J=compiled Java code, j=interpreted, Vv=VM code, C=native code)
V  [jvm.dll+0x6cade9]
V  [jvm.dll+0x8569c1]
V  [jvm.dll+0x858d2e]
V  [jvm.dll+0x859413]
V  [jvm.dll+0x280e56]
V  [jvm.dll+0xc3f3d]
V  [jvm.dll+0xc4473]
V  [jvm.dll+0x3b5bf2]
V  [jvm.dll+0x382855]
V  [jvm.dll+0x381cca]
V  [jvm.dll+0x249bd0]
V  [jvm.dll+0x2491b1]
V  [jvm.dll+0x1c9634]
V  [jvm.dll+0x258859]
V  [jvm.dll+0x256e3a]
V  [jvm.dll+0x3ef6c6]
V  [jvm.dll+0x7ff568]
V  [jvm.dll+0x6c953d]
C  [ucrtbase.dll+0x37b0]
C  [KERNEL32.DLL+0x2e8d7]
C  [ntdll.dll+0x3c34c]


---------------  P R O C E S S  ---------------

Threads class SMR info:
_java_thread_list=0x00000254919e3a20, length=32, elements={
0x00000254434c1850, 0x00000254434c22b0, 0x00000254434c6d40, 0x00000254434c99f0,
0x00000254434cada0, 0x00000254434c9360, 0x00000254434d4c70, 0x00000254434dec10,
0x00000254434c7fb0, 0x0000025443825590, 0x0000025443844ed0, 0x0000025443845550,
0x00000254434c8640, 0x00000254434c7920, 0x00000254434ca080, 0x000002548b1102b0,
0x000002548b110fd0, 0x000002548b111660, 0x000002548b10fc20, 0x000002548b115170,
0x000002548b115800, 0x000002548b113730, 0x000002548b114ae0, 0x000002548b115e90,
0x000002548b116520, 0x000002548b114450, 0x000002548b116bb0, 0x000002548b117240,
0x000002548b113dc0, 0x000002548fab8fa0, 0x000002548fab8280, 0x00000254439eea20
}

Java Threads: ( => current thread )
  0x00000254434c1850 JavaThread "Reference Handler"          daemon [_thread_blocked, id=23816, stack(0x0000005cec800000,0x0000005cec900000) (1024K)]
  0x00000254434c22b0 JavaThread "Finalizer"                  daemon [_thread_blocked, id=29476, stack(0x0000005cec900000,0x0000005ceca00000) (1024K)]
  0x00000254434c6d40 JavaThread "Signal Dispatcher"          daemon [_thread_blocked, id=40712, stack(0x0000005ceca00000,0x0000005cecb00000) (1024K)]
  0x00000254434c99f0 JavaThread "Attach Listener"            daemon [_thread_blocked, id=35200, stack(0x0000005cecb00000,0x0000005cecc00000) (1024K)]
  0x00000254434cada0 JavaThread "Service Thread"             daemon [_thread_blocked, id=28140, stack(0x0000005cecc00000,0x0000005cecd00000) (1024K)]
  0x00000254434c9360 JavaThread "Monitor Deflation Thread"   daemon [_thread_blocked, id=41428, stack(0x0000005cecd00000,0x0000005cece00000) (1024K)]
=>0x00000254434d4c70 JavaThread "C2 CompilerThread0"         daemon [_thread_in_native, id=20340, stack(0x0000005cece00000,0x0000005cecf00000) (1024K)]
  0x00000254434dec10 JavaThread "C1 CompilerThread0"         daemon [_thread_blocked, id=36772, stack(0x0000005cecf00000,0x0000005ced000000) (1024K)]
  0x00000254434c7fb0 JavaThread "Common-Cleaner"             daemon [_thread_blocked, id=35456, stack(0x0000005ced000000,0x0000005ced100000) (1024K)]
  0x0000025443825590 JavaThread "JDWP Transport Listener: dt_socket" daemon [_thread_blocked, id=32408, stack(0x0000005ced100000,0x0000005ced200000) (1024K)]
  0x0000025443844ed0 JavaThread "JDWP Event Helper Thread"   daemon [_thread_blocked, id=41180, stack(0x0000005ced200000,0x0000005ced300000) (1024K)]
  0x0000025443845550 JavaThread "JDWP Command Reader"        daemon [_thread_in_native, id=34652, stack(0x0000005ced300000,0x0000005ced400000) (1024K)]
  0x00000254434c8640 JavaThread "Notification Thread"        daemon [_thread_blocked, id=40136, stack(0x0000005ced400000,0x0000005ced500000) (1024K)]
  0x00000254434c7920 JavaThread "PostgreSQL-JDBC-Cleaner"    daemon [_thread_blocked, id=33828, stack(0x0000005cee300000,0x0000005cee400000) (1024K)]
  0x00000254434ca080 JavaThread "HikariPool-1:housekeeper"   daemon [_thread_blocked, id=23416, stack(0x0000005cee400000,0x0000005cee500000) (1024K)]
  0x000002548b1102b0 JavaThread "Catalina-utility-1"                [_thread_blocked, id=16228, stack(0x0000005cee600000,0x0000005cee700000) (1024K)]
  0x000002548b110fd0 JavaThread "Catalina-utility-2"                [_thread_blocked, id=15224, stack(0x0000005cee700000,0x0000005cee800000) (1024K)]
  0x000002548b111660 JavaThread "container-0"                       [_thread_blocked, id=15532, stack(0x0000005cee800000,0x0000005cee900000) (1024K)]
  0x000002548b10fc20 JavaThread "http-nio-8080-exec-1"       daemon [_thread_blocked, id=9424, stack(0x0000005cee900000,0x0000005ceea00000) (1024K)]
  0x000002548b115170 JavaThread "http-nio-8080-exec-2"       daemon [_thread_blocked, id=18384, stack(0x0000005ceea00000,0x0000005ceeb00000) (1024K)]
  0x000002548b115800 JavaThread "http-nio-8080-exec-3"       daemon [_thread_blocked, id=34656, stack(0x0000005ceeb00000,0x0000005ceec00000) (1024K)]
  0x000002548b113730 JavaThread "http-nio-8080-exec-4"       daemon [_thread_blocked, id=24676, stack(0x0000005ceec00000,0x0000005ceed00000) (1024K)]
  0x000002548b114ae0 JavaThread "http-nio-8080-exec-5"       daemon [_thread_blocked, id=28564, stack(0x0000005ceed00000,0x0000005ceee00000) (1024K)]
  0x000002548b115e90 JavaThread "http-nio-8080-exec-6"       daemon [_thread_blocked, id=5556, stack(0x0000005ceee00000,0x0000005ceef00000) (1024K)]
  0x000002548b116520 JavaThread "http-nio-8080-exec-7"       daemon [_thread_blocked, id=24868, stack(0x0000005ceef00000,0x0000005cef000000) (1024K)]
  0x000002548b114450 JavaThread "http-nio-8080-exec-8"       daemon [_thread_blocked, id=18784, stack(0x0000005cef000000,0x0000005cef100000) (1024K)]
  0x000002548b116bb0 JavaThread "http-nio-8080-exec-9"       daemon [_thread_blocked, id=19020, stack(0x0000005cef100000,0x0000005cef200000) (1024K)]
  0x000002548b117240 JavaThread "http-nio-8080-exec-10"      daemon [_thread_blocked, id=37128, stack(0x0000005cef200000,0x0000005cef300000) (1024K)]
  0x000002548b113dc0 JavaThread "http-nio-8080-Poller"       daemon [_thread_in_native, id=5224, stack(0x0000005cef300000,0x0000005cef400000) (1024K)]
  0x000002548fab8fa0 JavaThread "http-nio-8080-Acceptor"     daemon [_thread_in_native, id=21468, stack(0x0000005cef400000,0x0000005cef500000) (1024K)]
  0x000002548fab8280 JavaThread "DestroyJavaVM"                     [_thread_blocked, id=41748, stack(0x0000005cec000000,0x0000005cec100000) (1024K)]
  0x00000254439eea20 JavaThread "C2 CompilerThread1"         daemon [_thread_blocked, id=26744, stack(0x0000005cee500000,0x0000005cee600000) (1024K)]
Total: 32

Other Threads:
  0x00000254434a2890 VMThread "VM Thread"                           [id=41416, stack(0x0000005cec700000,0x0000005cec800000) (1024K)]
  0x0000025443489910 WatcherThread "VM Periodic Task Thread"        [id=12188, stack(0x0000005cec600000,0x0000005cec700000) (1024K)]
  0x00000254224a8e40 WorkerThread "GC Thread#0"                     [id=29492, stack(0x0000005cec100000,0x0000005cec200000) (1024K)]
  0x0000025489416570 WorkerThread "GC Thread#1"                     [id=32032, stack(0x0000005ced600000,0x0000005ced700000) (1024K)]
  0x0000025489416910 WorkerThread "GC Thread#2"                     [id=21744, stack(0x0000005ced700000,0x0000005ced800000) (1024K)]
  0x000002548971dc60 WorkerThread "GC Thread#3"                     [id=29656, stack(0x0000005ced800000,0x0000005ced900000) (1024K)]
  0x000002548971e000 WorkerThread "GC Thread#4"                     [id=20660, stack(0x0000005ced900000,0x0000005ceda00000) (1024K)]
  0x00000254898d77e0 WorkerThread "GC Thread#5"                     [id=28372, stack(0x0000005ceda00000,0x0000005cedb00000) (1024K)]
  0x000002548962a1e0 WorkerThread "GC Thread#6"                     [id=29056, stack(0x0000005cedb00000,0x0000005cedc00000) (1024K)]
  0x00000254899019a0 WorkerThread "GC Thread#7"                     [id=28156, stack(0x0000005cedc00000,0x0000005cedd00000) (1024K)]
  0x0000025489915d60 WorkerThread "GC Thread#8"                     [id=29164, stack(0x0000005cedd00000,0x0000005cede00000) (1024K)]
  0x0000025489916fd0 WorkerThread "GC Thread#9"                     [id=14152, stack(0x0000005cede00000,0x0000005cedf00000) (1024K)]
  0x00000254224b96b0 ConcurrentGCThread "G1 Main Marker"            [id=29724, stack(0x0000005cec200000,0x0000005cec300000) (1024K)]
  0x00000254224bbbd0 WorkerThread "G1 Conc#0"                       [id=39504, stack(0x0000005cec300000,0x0000005cec400000) (1024K)]
  0x000002548a0dbc10 WorkerThread "G1 Conc#1"                       [id=37632, stack(0x0000005cedf00000,0x0000005cee000000) (1024K)]
  0x000002548a0dbfb0 WorkerThread "G1 Conc#2"                       [id=30232, stack(0x0000005cee100000,0x0000005cee200000) (1024K)]
  0x00000254433481d0 ConcurrentGCThread "G1 Refine#0"               [id=23308, stack(0x0000005cec400000,0x0000005cec500000) (1024K)]
  0x000002544334aaf0 ConcurrentGCThread "G1 Service"                [id=17648, stack(0x0000005cec500000,0x0000005cec600000) (1024K)]
Total: 18

Threads with active compile tasks:
C2 CompilerThread0    54299 7377       4       java.lang.invoke.MethodType::makeImpl (109 bytes)
Total: 1

VM state: not at safepoint (normal execution)

VM Mutex/Monitor currently owned by a thread: None

Heap address: 0x000000070a800000, size: 3928 MB, Compressed Oops mode: Zero based, Oop shift amount: 3

CDS archive(s) mapped at: [0x0000025444000000-0x0000025444c90000-0x0000025444c90000), size 13172736, SharedBaseAddress: 0x0000025444000000, ArchiveRelocationMode: 1.
Compressed class space mapped at: 0x0000025445000000-0x0000025485000000, reserved size: 1073741824
Narrow klass base: 0x0000025444000000, Narrow klass shift: 0, Narrow klass range: 0x100000000

GC Precious Log:
 CardTable entry size: 512
 Card Set container configuration: InlinePtr #cards 4 size 8 Array Of Cards #cards 16 size 48 Howl #buckets 8 coarsen threshold 3686 Howl Bitmap #cards 512 size 80 coarsen threshold 460 Card regions per heap region 1 cards per card region 4096
 CPUs: 12 total, 12 available
 Memory: 15709M
 Large Page Support: Disabled
 NUMA Support: Disabled
 Compressed Oops: Enabled (Zero based)
 Heap Region Size: 2M
 Heap Min Capacity: 8M
 Heap Initial Capacity: 246M
 Heap Max Capacity: 3928M
 Pre-touch: Disabled
 Parallel Workers: 10
 Concurrent Workers: 3
 Concurrent Refinement Workers: 10
 Periodic GC: Disabled

Heap:
 garbage-first heap   total 92160K, used 66258K [0x000000070a800000, 0x0000000800000000)
  region size 2048K, 21 young (43008K), 4 survivors (8192K)
 Metaspace       used 80305K, committed 81024K, reserved 1179648K
  class space    used 11087K, committed 11392K, reserved 1048576K

Heap Regions: E=young(eden), S=young(survivor), O=old, HS=humongous(starts), HC=humongous(continues), CS=collection set, F=free, TAMS=top-at-mark-start, PB=parsable bottom
|   0|0x000000070a800000, 0x000000070aa00000, 0x000000070aa00000|100%| O|  |TAMS 0x000000070a800000| PB 0x000000070a800000| Untracked 
|   1|0x000000070aa00000, 0x000000070ac00000, 0x000000070ac00000|100%| O|  |TAMS 0x000000070aa00000| PB 0x000000070aa00000| Untracked 
|   2|0x000000070ac00000, 0x000000070ae00000, 0x000000070ae00000|100%| O|  |TAMS 0x000000070ac00000| PB 0x000000070ac00000| Untracked 
|   3|0x000000070ae00000, 0x000000070b000000, 0x000000070b000000|100%| O|  |TAMS 0x000000070ae00000| PB 0x000000070ae00000| Untracked 
|   4|0x000000070b000000, 0x000000070b200000, 0x000000070b200000|100%| O|  |TAMS 0x000000070b000000| PB 0x000000070b000000| Untracked 
|   5|0x000000070b200000, 0x000000070b400000, 0x000000070b400000|100%| O|  |TAMS 0x000000070b200000| PB 0x000000070b200000| Untracked 
|   6|0x000000070b400000, 0x000000070b600000, 0x000000070b600000|100%| O|  |TAMS 0x000000070b400000| PB 0x000000070b400000| Untracked 
|   7|0x000000070b600000, 0x000000070b800000, 0x000000070b800000|100%| O|  |TAMS 0x000000070b600000| PB 0x000000070b600000| Untracked 
|   8|0x000000070b800000, 0x000000070ba00000, 0x000000070ba00000|100%| O|  |TAMS 0x000000070b800000| PB 0x000000070b800000| Untracked 
|   9|0x000000070ba00000, 0x000000070bc00000, 0x000000070bc00000|100%| O|  |TAMS 0x000000070ba00000| PB 0x000000070ba00000| Untracked 
|  10|0x000000070bc00000, 0x000000070be00000, 0x000000070be00000|100%| O|  |TAMS 0x000000070bc00000| PB 0x000000070bc00000| Untracked 
|  11|0x000000070be00000, 0x000000070c000000, 0x000000070c000000|100%| O|  |TAMS 0x000000070be00000| PB 0x000000070be00000| Untracked 
|  12|0x000000070c000000, 0x000000070c1d3e00, 0x000000070c200000| 91%| O|  |TAMS 0x000000070c000000| PB 0x000000070c000000| Untracked 
|  13|0x000000070c200000, 0x000000070c400000, 0x000000070c400000|100%| O|  |TAMS 0x000000070c200000| PB 0x000000070c200000| Untracked 
|  14|0x000000070c400000, 0x000000070c400000, 0x000000070c600000|  0%| F|  |TAMS 0x000000070c400000| PB 0x000000070c400000| Untracked 
|  15|0x000000070c600000, 0x000000070c600000, 0x000000070c800000|  0%| F|  |TAMS 0x000000070c600000| PB 0x000000070c600000| Untracked 
|  16|0x000000070c800000, 0x000000070c800000, 0x000000070ca00000|  0%| F|  |TAMS 0x000000070c800000| PB 0x000000070c800000| Untracked 
|  17|0x000000070ca00000, 0x000000070cae0d78, 0x000000070cc00000| 43%| S|CS|TAMS 0x000000070ca00000| PB 0x000000070ca00000| Complete 
|  18|0x000000070cc00000, 0x000000070ce00000, 0x000000070ce00000|100%| S|CS|TAMS 0x000000070cc00000| PB 0x000000070cc00000| Complete 
|  19|0x000000070ce00000, 0x000000070ce00000, 0x000000070d000000|  0%| F|  |TAMS 0x000000070ce00000| PB 0x000000070ce00000| Untracked 
|  20|0x000000070d000000, 0x000000070d000000, 0x000000070d200000|  0%| F|  |TAMS 0x000000070d000000| PB 0x000000070d000000| Untracked 
|  21|0x000000070d200000, 0x000000070d400000, 0x000000070d400000|100%| S|CS|TAMS 0x000000070d200000| PB 0x000000070d200000| Complete 
|  22|0x000000070d400000, 0x000000070d600000, 0x000000070d600000|100%| S|CS|TAMS 0x000000070d400000| PB 0x000000070d400000| Complete 
|  23|0x000000070d600000, 0x000000070d600000, 0x000000070d800000|  0%| F|  |TAMS 0x000000070d600000| PB 0x000000070d600000| Untracked 
|  24|0x000000070d800000, 0x000000070d800000, 0x000000070da00000|  0%| F|  |TAMS 0x000000070d800000| PB 0x000000070d800000| Untracked 
|  25|0x000000070da00000, 0x000000070da00000, 0x000000070dc00000|  0%| F|  |TAMS 0x000000070da00000| PB 0x000000070da00000| Untracked 
|  26|0x000000070dc00000, 0x000000070dc00000, 0x000000070de00000|  0%| F|  |TAMS 0x000000070dc00000| PB 0x000000070dc00000| Untracked 
|  27|0x000000070de00000, 0x000000070de00000, 0x000000070e000000|  0%| F|  |TAMS 0x000000070de00000| PB 0x000000070de00000| Untracked 
|  28|0x000000070e000000, 0x000000070e1125a8, 0x000000070e200000| 53%| E|  |TAMS 0x000000070e000000| PB 0x000000070e000000| Complete 
|  29|0x000000070e200000, 0x000000070e400000, 0x000000070e400000|100%| E|CS|TAMS 0x000000070e200000| PB 0x000000070e200000| Complete 
|  30|0x000000070e400000, 0x000000070e600000, 0x000000070e600000|100%| E|CS|TAMS 0x000000070e400000| PB 0x000000070e400000| Complete 
|  31|0x000000070e600000, 0x000000070e800000, 0x000000070e800000|100%| E|CS|TAMS 0x000000070e600000| PB 0x000000070e600000| Complete 
|  32|0x000000070e800000, 0x000000070ea00000, 0x000000070ea00000|100%| E|CS|TAMS 0x000000070e800000| PB 0x000000070e800000| Complete 
|  33|0x000000070ea00000, 0x000000070ec00000, 0x000000070ec00000|100%| E|CS|TAMS 0x000000070ea00000| PB 0x000000070ea00000| Complete 
|  34|0x000000070ec00000, 0x000000070ee00000, 0x000000070ee00000|100%| E|CS|TAMS 0x000000070ec00000| PB 0x000000070ec00000| Complete 
|  35|0x000000070ee00000, 0x000000070f000000, 0x000000070f000000|100%| E|CS|TAMS 0x000000070ee00000| PB 0x000000070ee00000| Complete 
|  36|0x000000070f000000, 0x000000070f200000, 0x000000070f200000|100%| E|  |TAMS 0x000000070f000000| PB 0x000000070f000000| Complete 
|  37|0x000000070f200000, 0x000000070f400000, 0x000000070f400000|100%| E|CS|TAMS 0x000000070f200000| PB 0x000000070f200000| Complete 
|  38|0x000000070f400000, 0x000000070f600000, 0x000000070f600000|100%| E|CS|TAMS 0x000000070f400000| PB 0x000000070f400000| Complete 
|  39|0x000000070f600000, 0x000000070f800000, 0x000000070f800000|100%| E|CS|TAMS 0x000000070f600000| PB 0x000000070f600000| Complete 
|  40|0x000000070f800000, 0x000000070fa00000, 0x000000070fa00000|100%| E|CS|TAMS 0x000000070f800000| PB 0x000000070f800000| Complete 
|  41|0x000000070fa00000, 0x000000070fc00000, 0x000000070fc00000|100%| E|CS|TAMS 0x000000070fa00000| PB 0x000000070fa00000| Complete 
|  84|0x0000000715000000, 0x0000000715200000, 0x0000000715200000|100%| E|CS|TAMS 0x0000000715000000| PB 0x0000000715000000| Complete 
| 121|0x0000000719a00000, 0x0000000719c00000, 0x0000000719c00000|100%| E|CS|TAMS 0x0000000719a00000| PB 0x0000000719a00000| Complete 
| 122|0x0000000719c00000, 0x0000000719e00000, 0x0000000719e00000|100%| E|CS|TAMS 0x0000000719c00000| PB 0x0000000719c00000| Complete 

Card table byte_map: [0x000002543c2b0000,0x000002543ca60000] _byte_map_base: 0x0000025438a5c000

Marking Bits: (CMBitMap*) 0x00000254224a9540
 Bits: [0x000002543ca60000, 0x00000254407c0000)

Polling page: 0x0000025422500000

Metaspace:

Usage:
  Non-class:     67.60 MB used.
      Class:     10.83 MB used.
       Both:     78.42 MB used.

Virtual space:
  Non-class space:      128.00 MB reserved,      68.00 MB ( 53%) committed,  2 nodes.
      Class space:        1.00 GB reserved,      11.12 MB (  1%) committed,  1 nodes.
             Both:        1.12 GB reserved,      79.12 MB (  7%) committed. 

Chunk freelists:
   Non-Class:  11.61 MB
       Class:  4.81 MB
        Both:  16.42 MB

MaxMetaspaceSize: unlimited
CompressedClassSpaceSize: 1.00 GB
Initial GC threshold: 21.00 MB
Current GC threshold: 99.62 MB
CDS: on
 - commit_granule_bytes: 65536.
 - commit_granule_words: 8192.
 - virtual_space_node_default_size: 8388608.
 - enlarge_chunks_in_place: 1.
 - use_allocation_guard: 0.


Internal statistics:

num_allocs_failed_limit: 15.
num_arena_births: 1078.
num_arena_deaths: 0.
num_vsnodes_births: 3.
num_vsnodes_deaths: 0.
num_space_committed: 1266.
num_space_uncommitted: 0.
num_chunks_returned_to_freelist: 15.
num_chunks_taken_from_freelist: 3973.
num_chunk_merges: 15.
num_chunk_splits: 2940.
num_chunks_enlarged: 2325.
num_inconsistent_stats: 0.

CodeHeap 'non-profiled nmethods': size=120000Kb used=6091Kb max_used=6091Kb free=113908Kb
 bounds [0x0000025433940000, 0x0000025433f40000, 0x000002543ae70000]
CodeHeap 'profiled nmethods': size=120000Kb used=13412Kb max_used=13412Kb free=106587Kb
 bounds [0x000002542be70000, 0x000002542cb90000, 0x00000254333a0000]
CodeHeap 'non-nmethods': size=5760Kb used=1763Kb max_used=1834Kb free=3996Kb
 bounds [0x00000254333a0000, 0x0000025433610000, 0x0000025433940000]
 total_blobs=7538 nmethods=6806 adapters=636
 compilation: enabled
              stopped_count=0, restarted_count=0
 full_count=0

Compilation events (20 events):
Event: 53.253 Thread 0x00000254434dec10 7504       1       org.hibernate.engine.internal.StatefulPersistenceContext::getSession (5 bytes)
Event: 53.253 Thread 0x00000254434dec10 nmethod 7504 0x0000025433f2de10 code [0x0000025433f2dfa0, 0x0000025433f2e070]
Event: 53.254 Thread 0x00000254434dec10 7506       1       java.util.AbstractMap$SimpleEntry::getValue (5 bytes)
Event: 53.254 Thread 0x00000254434dec10 nmethod 7506 0x0000025433f2e110 code [0x0000025433f2e2a0, 0x0000025433f2e370]
Event: 53.254 Thread 0x00000254434dec10 7507       3       com.fasterxml.jackson.databind.type.TypeFactory::_fromClass (328 bytes)
Event: 53.257 Thread 0x00000254434dec10 nmethod 7507 0x000002542cb83c10 code [0x000002542cb840c0, 0x000002542cb86448]
Event: 53.257 Thread 0x00000254434dec10 7511       3       com.fasterxml.jackson.databind.cfg.MapperConfig::getAnnotationIntrospector (22 bytes)
Event: 53.257 Thread 0x00000254434dec10 nmethod 7511 0x000002542cb87210 code [0x000002542cb873e0, 0x000002542cb876b0]
Event: 53.257 Thread 0x00000254434dec10 7508       3       com.fasterxml.jackson.databind.introspect.AnnotatedWithParams::<init> (12 bytes)
Event: 53.257 Thread 0x00000254434dec10 nmethod 7508 0x000002542cb87810 code [0x000002542cb879c0, 0x000002542cb87d10]
Event: 53.257 Thread 0x00000254434dec10 7510       1       com.fasterxml.jackson.databind.type.TypeBindings$AsKey::hashCode (5 bytes)
Event: 53.257 Thread 0x00000254434dec10 nmethod 7510 0x0000025433f2e410 code [0x0000025433f2e5a0, 0x0000025433f2e668]
Event: 53.257 Thread 0x00000254434dec10 7513       3       org.apache.coyote.http11.Http11OutputBuffer::write (93 bytes)
Event: 53.258 Thread 0x00000254434dec10 nmethod 7513 0x000002542cb87e10 code [0x000002542cb88000, 0x000002542cb88578]
Event: 53.258 Thread 0x00000254434dec10 7509       3       com.fasterxml.jackson.databind.introspect.AnnotatedMethod::<init> (28 bytes)
Event: 53.258 Thread 0x00000254434dec10 nmethod 7509 0x000002542cb88790 code [0x000002542cb88980, 0x000002542cb88ec8]
Event: 53.258 Thread 0x00000254434dec10 7514       1       java.nio.ByteBuffer::base (5 bytes)
Event: 53.259 Thread 0x00000254434dec10 nmethod 7514 0x0000025433f2e710 code [0x0000025433f2e8a0, 0x0000025433f2e970]
Event: 53.259 Thread 0x00000254434dec10 7512       1       com.fasterxml.jackson.databind.SerializerProvider::getConfig (5 bytes)
Event: 53.259 Thread 0x00000254434dec10 nmethod 7512 0x0000025433f2ea10 code [0x0000025433f2eba0, 0x0000025433f2ec70]

GC Heap History (20 events):
Event: 7.282 GC heap before
{Heap before GC invocations=6 (full 0):
 garbage-first heap   total 81920K, used 20127K [0x000000070a800000, 0x0000000800000000)
  region size 2048K, 2 young (4096K), 1 survivors (2048K)
 Metaspace       used 35765K, committed 36288K, reserved 1114112K
  class space    used 4563K, committed 4800K, reserved 1048576K
}
Event: 7.287 GC heap after
{Heap after GC invocations=7 (full 0):
 garbage-first heap   total 81920K, used 20253K [0x000000070a800000, 0x0000000800000000)
  region size 2048K, 1 young (2048K), 1 survivors (2048K)
 Metaspace       used 35765K, committed 36288K, reserved 1114112K
  class space    used 4563K, committed 4800K, reserved 1048576K
}
Event: 9.115 GC heap before
{Heap before GC invocations=8 (full 0):
 garbage-first heap   total 75776K, used 67357K [0x000000070a800000, 0x0000000800000000)
  region size 2048K, 24 young (49152K), 1 survivors (2048K)
 Metaspace       used 46097K, committed 46656K, reserved 1114112K
  class space    used 5956K, committed 6208K, reserved 1048576K
}
Event: 9.125 GC heap after
{Heap after GC invocations=9 (full 0):
 garbage-first heap   total 75776K, used 23228K [0x000000070a800000, 0x0000000800000000)
  region size 2048K, 3 young (6144K), 3 survivors (6144K)
 Metaspace       used 46097K, committed 46656K, reserved 1114112K
  class space    used 5956K, committed 6208K, reserved 1048576K
}
Event: 10.101 GC heap before
{Heap before GC invocations=9 (full 0):
 garbage-first heap   total 75776K, used 60092K [0x000000070a800000, 0x0000000800000000)
  region size 2048K, 22 young (45056K), 3 survivors (6144K)
 Metaspace       used 55238K, committed 55936K, reserved 1114112K
  class space    used 7360K, committed 7680K, reserved 1048576K
}
Event: 10.111 GC heap after
{Heap after GC invocations=10 (full 0):
 garbage-first heap   total 75776K, used 23962K [0x000000070a800000, 0x0000000800000000)
  region size 2048K, 3 young (6144K), 3 survivors (6144K)
 Metaspace       used 55238K, committed 55936K, reserved 1114112K
  class space    used 7360K, committed 7680K, reserved 1048576K
}
Event: 10.976 GC heap before
{Heap before GC invocations=10 (full 0):
 garbage-first heap   total 75776K, used 50586K [0x000000070a800000, 0x0000000800000000)
  region size 2048K, 17 young (34816K), 3 survivors (6144K)
 Metaspace       used 60145K, committed 60800K, reserved 1114112K
  class space    used 8053K, committed 8384K, reserved 1048576K
}
Event: 10.985 GC heap after
{Heap after GC invocations=11 (full 0):
 garbage-first heap   total 75776K, used 25763K [0x000000070a800000, 0x0000000800000000)
  region size 2048K, 2 young (4096K), 2 survivors (4096K)
 Metaspace       used 60145K, committed 60800K, reserved 1114112K
  class space    used 8053K, committed 8384K, reserved 1048576K
}
Event: 11.501 GC heap before
{Heap before GC invocations=12 (full 0):
 garbage-first heap   total 75776K, used 64675K [0x000000070a800000, 0x0000000800000000)
  region size 2048K, 21 young (43008K), 2 survivors (4096K)
 Metaspace       used 62801K, committed 63488K, reserved 1114112K
  class space    used 8566K, committed 8896K, reserved 1048576K
}
Event: 11.508 GC heap after
{Heap after GC invocations=13 (full 0):
 garbage-first heap   total 75776K, used 27388K [0x000000070a800000, 0x0000000800000000)
  region size 2048K, 2 young (4096K), 2 survivors (4096K)
 Metaspace       used 62801K, committed 63488K, reserved 1114112K
  class space    used 8566K, committed 8896K, reserved 1048576K
}
Event: 11.821 GC heap before
{Heap before GC invocations=13 (full 0):
 garbage-first heap   total 75776K, used 62204K [0x000000070a800000, 0x0000000800000000)
  region size 2048K, 20 young (40960K), 2 survivors (4096K)
 Metaspace       used 64627K, committed 65280K, reserved 1114112K
  class space    used 8943K, committed 9216K, reserved 1048576K
}
Event: 11.830 GC heap after
{Heap after GC invocations=14 (full 0):
 garbage-first heap   total 92160K, used 30750K [0x000000070a800000, 0x0000000800000000)
  region size 2048K, 3 young (6144K), 3 survivors (6144K)
 Metaspace       used 64627K, committed 65280K, reserved 1114112K
  class space    used 8943K, committed 9216K, reserved 1048576K
}
Event: 12.031 GC heap before
{Heap before GC invocations=14 (full 0):
 garbage-first heap   total 92160K, used 75806K [0x000000070a800000, 0x0000000800000000)
  region size 2048K, 26 young (53248K), 3 survivors (6144K)
 Metaspace       used 64642K, committed 65280K, reserved 1114112K
  class space    used 8943K, committed 9216K, reserved 1048576K
}
Event: 12.037 GC heap after
{Heap after GC invocations=15 (full 0):
 garbage-first heap   total 92160K, used 29355K [0x000000070a800000, 0x0000000800000000)
  region size 2048K, 1 young (2048K), 1 survivors (2048K)
 Metaspace       used 64642K, committed 65280K, reserved 1114112K
  class space    used 8943K, committed 9216K, reserved 1048576K
}
Event: 12.276 GC heap before
{Heap before GC invocations=15 (full 0):
 garbage-first heap   total 92160K, used 78507K [0x000000070a800000, 0x0000000800000000)
  region size 2048K, 26 young (53248K), 1 survivors (2048K)
 Metaspace       used 66857K, committed 67520K, reserved 1114112K
  class space    used 9221K, committed 9536K, reserved 1048576K
}
Event: 12.281 GC heap after
{Heap after GC invocations=16 (full 0):
 garbage-first heap   total 92160K, used 30511K [0x000000070a800000, 0x0000000800000000)
  region size 2048K, 2 young (4096K), 2 survivors (4096K)
 Metaspace       used 66857K, committed 67520K, reserved 1114112K
  class space    used 9221K, committed 9536K, reserved 1048576K
}
Event: 13.011 GC heap before
{Heap before GC invocations=16 (full 0):
 garbage-first heap   total 92160K, used 79663K [0x000000070a800000, 0x0000000800000000)
  region size 2048K, 26 young (53248K), 2 survivors (4096K)
 Metaspace       used 69493K, committed 70208K, reserved 1114112K
  class space    used 9569K, committed 9856K, reserved 1048576K
}
Event: 13.016 GC heap after
{Heap after GC invocations=17 (full 0):
 garbage-first heap   total 92160K, used 32194K [0x000000070a800000, 0x0000000800000000)
  region size 2048K, 3 young (6144K), 3 survivors (6144K)
 Metaspace       used 69493K, committed 70208K, reserved 1114112K
  class space    used 9569K, committed 9856K, reserved 1048576K
}
Event: 14.088 GC heap before
{Heap before GC invocations=17 (full 0):
 garbage-first heap   total 92160K, used 77250K [0x000000070a800000, 0x0000000800000000)
  region size 2048K, 25 young (51200K), 3 survivors (6144K)
 Metaspace       used 74186K, committed 74880K, reserved 1114112K
  class space    used 10241K, committed 10560K, reserved 1048576K
}
Event: 14.098 GC heap after
{Heap after GC invocations=18 (full 0):
 garbage-first heap   total 92160K, used 35538K [0x000000070a800000, 0x0000000800000000)
  region size 2048K, 4 young (8192K), 4 survivors (8192K)
 Metaspace       used 74186K, committed 74880K, reserved 1114112K
  class space    used 10241K, committed 10560K, reserved 1048576K
}

Dll operation events (13 events):
Event: 0.026 Loaded shared library C:\Program Files\Java\jdk-21\bin\java.dll
Event: 0.028 Loaded shared library C:\Program Files\Java\jdk-21\bin\zip.dll
Event: 0.090 Loaded shared library C:\Program Files\Java\jdk-21\bin\jsvml.dll
Event: 0.319 Loaded shared library C:\Program Files\Java\jdk-21\bin\instrument.dll
Event: 0.370 Loaded shared library C:\Program Files\Java\jdk-21\bin\net.dll
Event: 0.373 Loaded shared library C:\Program Files\Java\jdk-21\bin\nio.dll
Event: 0.385 Loaded shared library C:\Program Files\Java\jdk-21\bin\zip.dll
Event: 0.761 Loaded shared library C:\Program Files\Java\jdk-21\bin\jimage.dll
Event: 2.933 Loaded shared library C:\Program Files\Java\jdk-21\bin\sunmscapi.dll
Event: 6.159 Loaded shared library C:\Program Files\Java\jdk-21\bin\management.dll
Event: 6.163 Loaded shared library C:\Program Files\Java\jdk-21\bin\management_ext.dll
Event: 7.322 Loaded shared library C:\Program Files\Java\jdk-21\bin\verify.dll
Event: 7.895 Loaded shared library C:\Program Files\Java\jdk-21\bin\extnet.dll

Deoptimization events (20 events):
Event: 53.150 Thread 0x000002548b115e90 Uncommon trap: reason=bimorphic_or_optimized_type_check action=maybe_recompile pc=0x0000025433cbe268 method=sun.security.provider.DigestBase.engineDigest([BII)I @ 97 c2
Event: 53.150 Thread 0x000002548b114450 Uncommon trap: reason=bimorphic_or_optimized_type_check action=maybe_recompile pc=0x0000025433cbe268 method=sun.security.provider.DigestBase.engineDigest([BII)I @ 97 c2
Event: 53.150 Thread 0x000002548b114ae0 DEOPT PACKING pc=0x0000025433cbe268 sp=0x0000005ceedfc150
Event: 53.150 Thread 0x000002548b114ae0 DEOPT UNPACKING pc=0x00000254333f46a2 sp=0x0000005ceedfc0e0 mode 2
Event: 53.150 Thread 0x000002548b115e90 DEOPT PACKING pc=0x0000025433cbe268 sp=0x0000005ceeefc2e0
Event: 53.150 Thread 0x000002548b115e90 DEOPT UNPACKING pc=0x00000254333f46a2 sp=0x0000005ceeefc270 mode 2
Event: 53.150 Thread 0x000002548b114450 DEOPT PACKING pc=0x0000025433cbe268 sp=0x0000005cef0fc0a0
Event: 53.150 Thread 0x000002548b114450 DEOPT UNPACKING pc=0x00000254333f46a2 sp=0x0000005cef0fc030 mode 2
Event: 53.151 Thread 0x000002548b114450 Uncommon trap: trap_request=0xffffffde fr.pc=0x0000025433c783ec relative=0x00000000000004ec
Event: 53.151 Thread 0x000002548b114450 Uncommon trap: reason=class_check action=maybe_recompile pc=0x0000025433c783ec method=java.security.MessageDigest$Delegate.engineDigest([BII)I @ 7 c2
Event: 53.151 Thread 0x000002548b114450 DEOPT PACKING pc=0x0000025433c783ec sp=0x0000005cef0fc0a0
Event: 53.151 Thread 0x000002548b114450 DEOPT UNPACKING pc=0x00000254333f46a2 sp=0x0000005cef0fc058 mode 2
Event: 53.151 Thread 0x000002548b114ae0 Uncommon trap: trap_request=0xffffffde fr.pc=0x0000025433c783ec relative=0x00000000000004ec
Event: 53.151 Thread 0x000002548b115e90 Uncommon trap: trap_request=0xffffffde fr.pc=0x0000025433c783ec relative=0x00000000000004ec
Event: 53.151 Thread 0x000002548b114ae0 Uncommon trap: reason=class_check action=maybe_recompile pc=0x0000025433c783ec method=java.security.MessageDigest$Delegate.engineDigest([BII)I @ 7 c2
Event: 53.151 Thread 0x000002548b115e90 Uncommon trap: reason=class_check action=maybe_recompile pc=0x0000025433c783ec method=java.security.MessageDigest$Delegate.engineDigest([BII)I @ 7 c2
Event: 53.151 Thread 0x000002548b114ae0 DEOPT PACKING pc=0x0000025433c783ec sp=0x0000005ceedfc150
Event: 53.151 Thread 0x000002548b114ae0 DEOPT UNPACKING pc=0x00000254333f46a2 sp=0x0000005ceedfc108 mode 2
Event: 53.151 Thread 0x000002548b115e90 DEOPT PACKING pc=0x0000025433c783ec sp=0x0000005ceeefc2e0
Event: 53.151 Thread 0x000002548b115e90 DEOPT UNPACKING pc=0x00000254333f46a2 sp=0x0000005ceeefc298 mode 2

Classes loaded (20 events):
Event: 53.209 Loading class org/hibernate/event/spi/InitializeCollectionEvent
Event: 53.209 Loading class org/hibernate/event/spi/InitializeCollectionEvent done
Event: 53.209 Loading class org/hibernate/event/spi/InitializeCollectionEventListener
Event: 53.209 Loading class org/hibernate/event/spi/InitializeCollectionEventListener done
Event: 53.209 Loading class org/hibernate/loader/ast/internal/CollectionLoaderSingleKey$CollectionLoaderSingleKeyExecutionContext
Event: 53.209 Loading class org/hibernate/loader/ast/internal/CollectionLoaderSingleKey$CollectionLoaderSingleKeyExecutionContext done
Event: 53.216 Loading class org/hibernate/sql/results/graph/collection/internal/BagInitializer
Event: 53.216 Loading class org/hibernate/sql/results/graph/collection/internal/BagInitializer done
Event: 53.218 Loading class org/hibernate/sql/results/graph/collection/internal/AbstractImmediateCollectionInitializer$ImmediateCollectionInitializerData
Event: 53.218 Loading class org/hibernate/sql/results/graph/collection/internal/AbstractImmediateCollectionInitializer$ImmediateCollectionInitializerData done
Event: 53.221 Loading class org/hibernate/sql/results/internal/LoadingCollectionEntryImpl
Event: 53.221 Loading class org/hibernate/sql/results/internal/LoadingCollectionEntryImpl done
Event: 53.225 Loading class org/hibernate/collection/spi/AbstractPersistentCollection$IteratorProxy
Event: 53.225 Loading class org/hibernate/collection/spi/AbstractPersistentCollection$IteratorProxy done
Event: 53.226 Loading class com/example/QuizApplicationImplemented/entity/Users
Event: 53.226 Loading class com/example/QuizApplicationImplemented/entity/Users done
Event: 53.229 Loading class org/hibernate/sql/ast/spi/FromClauseAccess
Event: 53.229 Loading class org/hibernate/sql/ast/spi/FromClauseAccess done
Event: 53.230 Loading class org/hibernate/query/sqm/internal/ConcreteSqmSelectQueryPlan$1
Event: 53.230 Loading class org/hibernate/query/sqm/internal/ConcreteSqmSelectQueryPlan$1 done

Classes unloaded (0 events):
No events

Classes redefined (0 events):
No events

Internal exceptions (20 events):
Event: 12.399 Thread 0x0000025422441b40 Exception <a 'java/lang/NoSuchMethodError'{0x00000007151f4530}: 'void java.lang.invoke.DirectMethodHandle$Holder.invokeVirtual(java.lang.Object, java.lang.Object, long)'> (0x00000007151f4530) 
thrown [s\open\src\hotspot\share\interpreter\linkResolver.cpp, line 773]
Event: 12.784 Thread 0x0000025422441b40 Exception <a 'java/lang/NoSuchMethodError'{0x000000070ddc6620}: 'int java.lang.invoke.DirectMethodHandle$Holder.invokeStaticInit(java.lang.Object, int, java.lang.Object, java.lang.Object, java.lang.Object, java.lang.Object)'> (0x000000070ddc6620) 
thrown [s\open\src\hotspot\share\interpreter\linkResolver.cpp, line 773]
Event: 12.870 Thread 0x0000025422441b40 Exception <a 'java/io/FileNotFoundException'{0x000000070d8029d0}> (0x000000070d8029d0) 
thrown [s\open\src\hotspot\share\prims\jni.cpp, line 520]
Event: 12.871 Thread 0x0000025422441b40 Exception <a 'java/io/FileNotFoundException'{0x000000070d80c998}> (0x000000070d80c998) 
thrown [s\open\src\hotspot\share\prims\jni.cpp, line 520]
Event: 13.109 Thread 0x0000025422441b40 Implicit null exception at 0x0000025433e17641 to 0x0000025433e177b0
Event: 13.123 Thread 0x0000025422441b40 Exception <a 'java/lang/NoSuchMethodError'{0x0000000719b2aa60}: 'void java.lang.invoke.Invokers$Holder.invokeExact_MT(java.lang.Object, java.lang.Object, int, java.lang.Object)'> (0x0000000719b2aa60) 
thrown [s\open\src\hotspot\share\interpreter\linkResolver.cpp, line 773]
Event: 13.178 Thread 0x0000025422441b40 Implicit null exception at 0x0000025433d791fd to 0x0000025433d7f691
Event: 13.259 Thread 0x0000025422441b40 Exception <a 'java/lang/NoSuchMethodError'{0x000000070f85b4a0}: 'java.lang.Object java.lang.invoke.DirectMethodHandle$Holder.newInvokeSpecial(java.lang.Object, java.lang.Object, java.lang.Object, java.lang.Object, java.lang.Object, java.lang.Object, java.lang.Object, java.lang.Object)'> (0x000000070f85b4a0) 
thrown [s\open\src\hotspot\share\interpreter\linkResolver.cpp, line 773]
Event: 13.599 Thread 0x0000025422441b40 Exception <a 'java/lang/IncompatibleClassChangeError'{0x000000070eb90b30}: Found class java.lang.Object, but interface was expected> (0x000000070eb90b30) 
thrown [s\open\src\hotspot\share\interpreter\linkResolver.cpp, line 840]
Event: 14.140 Thread 0x0000025422441b40 Exception <a 'java/lang/IncompatibleClassChangeError'{0x0000000719d45718}: Found class java.lang.Object, but interface was expected> (0x0000000719d45718) 
thrown [s\open\src\hotspot\share\interpreter\linkResolver.cpp, line 840]
Event: 14.185 Thread 0x0000025422441b40 Exception <a 'java/lang/NoSuchMethodError'{0x0000000719bab5d8}: 'java.lang.Object java.lang.invoke.Invokers$Holder.invoke_MT(java.lang.Object, java.lang.Object, java.lang.Object, java.lang.Object, java.lang.Object, java.lang.Object, java.lang.Object, java.lang.Object, java.lang.Object, java.lang.Object, java.lang.Object)'> (0x0000000719bab5d8) 
thrown [s\open\src\hotspot\share\interpreter\linkResolver.cpp, line 773]
Event: 14.265 Thread 0x0000025422441b40 Exception <a 'java/lang/NoSuchMethodError'{0x000000070fbaad10}: 'void java.lang.invoke.DirectMethodHandle$Holder.invokeSpecial(java.lang.Object, java.lang.Object, int, java.lang.Object, java.lang.Object, java.lang.Object, java.lang.Object)'> (0x000000070fbaad10) 
thrown [s\open\src\hotspot\share\interpreter\linkResolver.cpp, line 773]
Event: 14.265 Thread 0x0000025422441b40 Exception <a 'java/lang/NoSuchMethodError'{0x000000070fbb3c30}: 'java.lang.Object java.lang.invoke.DirectMethodHandle$Holder.newInvokeSpecial(java.lang.Object, java.lang.Object, int, java.lang.Object, java.lang.Object)'> (0x000000070fbb3c30) 
thrown [s\open\src\hotspot\share\interpreter\linkResolver.cpp, line 773]
Event: 51.457 Thread 0x000002548fab8fa0 Exception <a 'java/lang/NoSuchMethodError'{0x000000070f77f880}: 'java.lang.Object java.lang.invoke.DirectMethodHandle$Holder.invokeStatic(java.lang.Object, java.lang.Object, java.lang.Object, int, int)'> (0x000000070f77f880) 
thrown [s\open\src\hotspot\share\interpreter\linkResolver.cpp, line 773]
Event: 51.458 Thread 0x000002548fab8fa0 Exception <a 'java/lang/NoSuchMethodError'{0x000000070f783020}: 'java.lang.Object java.lang.invoke.DirectMethodHandle$Holder.invokeStaticInit(java.lang.Object, java.lang.Object, java.lang.Object, int, int)'> (0x000000070f783020) 
thrown [s\open\src\hotspot\share\interpreter\linkResolver.cpp, line 773]
Event: 51.572 Thread 0x000002548b10fc20 Exception <a 'java/lang/NoSuchMethodError'{0x000000070f57f6c0}: 'java.lang.Object java.lang.invoke.DirectMethodHandle$Holder.invokeSpecial(java.lang.Object, java.lang.Object, java.lang.Object, java.lang.Object, java.lang.Object, long)'> (0x000000070f57f6c0) 
thrown [s\open\src\hotspot\share\interpreter\linkResolver.cpp, line 773]
Event: 51.573 Thread 0x000002548b10fc20 Exception <a 'java/lang/NoSuchMethodError'{0x000000070f582e80}: 'java.lang.Object java.lang.invoke.Invokers$Holder.linkToTargetMethod(java.lang.Object, java.lang.Object, java.lang.Object, long, java.lang.Object)'> (0x000000070f582e80) 
thrown [s\open\src\hotspot\share\interpreter\linkResolver.cpp, line 773]
Event: 52.841 Thread 0x000002548b115170 Implicit null exception at 0x0000025433aee27d to 0x0000025433aee488
Event: 53.193 Thread 0x000002548b114450 Exception <a 'java/lang/IncompatibleClassChangeError'{0x000000070e060148}: Found class java.lang.Object, but interface was expected> (0x000000070e060148) 
thrown [s\open\src\hotspot\share\interpreter\linkResolver.cpp, line 840]
Event: 53.196 Thread 0x000002548b114450 Exception <a 'java/lang/IncompatibleClassChangeError'{0x000000070e067f38}: Found class java.lang.Object, but interface was expected> (0x000000070e067f38) 
thrown [s\open\src\hotspot\share\interpreter\linkResolver.cpp, line 840]

ZGC Phase Switch (0 events):
No events

VM Operations (20 events):
Event: 51.469 Executing VM operation: HandshakeAllThreads (Deoptimize)
Event: 51.469 Executing VM operation: HandshakeAllThreads (Deoptimize) done
Event: 51.626 Executing VM operation: HandshakeAllThreads (Deoptimize)
Event: 51.626 Executing VM operation: HandshakeAllThreads (Deoptimize) done
Event: 51.626 Executing VM operation: Cleanup
Event: 51.626 Executing VM operation: Cleanup done
Event: 51.961 Executing VM operation: HandshakeAllThreads (Deoptimize)
Event: 51.961 Executing VM operation: HandshakeAllThreads (Deoptimize) done
Event: 52.059 Executing VM operation: HandshakeAllThreads (Deoptimize)
Event: 52.059 Executing VM operation: HandshakeAllThreads (Deoptimize) done
Event: 52.688 Executing VM operation: HandshakeAllThreads (Deoptimize)
Event: 52.688 Executing VM operation: HandshakeAllThreads (Deoptimize) done
Event: 52.688 Executing VM operation: Cleanup
Event: 52.688 Executing VM operation: Cleanup done
Event: 52.883 Executing VM operation: HandshakeAllThreads (Deoptimize)
Event: 52.883 Executing VM operation: HandshakeAllThreads (Deoptimize) done
Event: 52.902 Executing VM operation: HandshakeAllThreads (Deoptimize)
Event: 52.903 Executing VM operation: HandshakeAllThreads (Deoptimize) done
Event: 53.910 Executing VM operation: Cleanup
Event: 53.910 Executing VM operation: Cleanup done

Events (20 events):
Event: 14.283 Thread 0x000002548b115800 Thread added: 0x000002548b115800
Event: 14.283 Thread 0x000002548b113730 Thread added: 0x000002548b113730
Event: 14.283 Thread 0x000002548b114ae0 Thread added: 0x000002548b114ae0
Event: 14.283 Thread 0x000002548b115e90 Thread added: 0x000002548b115e90
Event: 14.283 Thread 0x000002548b116520 Thread added: 0x000002548b116520
Event: 14.284 Thread 0x000002548b114450 Thread added: 0x000002548b114450
Event: 14.284 Thread 0x000002548b116bb0 Thread added: 0x000002548b116bb0
Event: 14.284 Thread 0x000002548b117240 Thread added: 0x000002548b117240
Event: 14.300 Thread 0x000002548b113dc0 Thread added: 0x000002548b113dc0
Event: 14.302 Thread 0x000002548fab8fa0 Thread added: 0x000002548fab8fa0
Event: 14.317 Thread 0x00000254434c8cd0 Thread exited: 0x00000254434c8cd0
Event: 14.324 Thread 0x0000025422441b40 Thread exited: 0x0000025422441b40
Event: 14.324 Thread 0x000002548fab8280 Thread added: 0x000002548fab8280
Event: 19.355 Thread 0x00000254439eea20 Thread exited: 0x00000254439eea20
Event: 24.341 Thread 0x00000254439ef7c0 Thread exited: 0x00000254439ef7c0
Event: 51.699 Thread 0x00000254439ef7c0 Thread added: 0x00000254439ef7c0
Event: 51.877 Thread 0x00000254439ef0f0 Thread added: 0x00000254439ef0f0
Event: 52.274 Thread 0x00000254439ef0f0 Thread exited: 0x00000254439ef0f0
Event: 52.577 Thread 0x00000254439ef7c0 Thread exited: 0x00000254439ef7c0
Event: 53.077 Thread 0x00000254439eea20 Thread added: 0x00000254439eea20


Dynamic libraries:
0x00007ff7ec3d0000 - 0x00007ff7ec3e0000 	C:\Program Files\Java\jdk-21\bin\java.exe
0x00007ffdd5b00000 - 0x00007ffdd5d68000 	C:\WINDOWS\SYSTEM32\ntdll.dll
0x00007ffdd5880000 - 0x00007ffdd5949000 	C:\WINDOWS\System32\KERNEL32.DLL
0x00007ffdd2d00000 - 0x00007ffdd30ed000 	C:\WINDOWS\System32\KERNELBASE.dll
0x00007ffdd30f0000 - 0x00007ffdd323b000 	C:\WINDOWS\System32\ucrtbase.dll
0x00007ffdcd250000 - 0x00007ffdcd26b000 	C:\Program Files\Java\jdk-21\bin\VCRUNTIME140.dll
0x00007ffdc7520000 - 0x00007ffdc7539000 	C:\Program Files\Java\jdk-21\bin\jli.dll
0x00007ffdd47d0000 - 0x00007ffdd4884000 	C:\WINDOWS\System32\ADVAPI32.dll
0x00007ffdd55b0000 - 0x00007ffdd5659000 	C:\WINDOWS\System32\msvcrt.dll
0x00007ffdd4b80000 - 0x00007ffdd4c26000 	C:\WINDOWS\System32\sechost.dll
0x00007ffdd5660000 - 0x00007ffdd5778000 	C:\WINDOWS\System32\RPCRT4.dll
0x00007ffdd5350000 - 0x00007ffdd551c000 	C:\WINDOWS\System32\USER32.dll
0x00007ffdd3600000 - 0x00007ffdd3627000 	C:\WINDOWS\System32\win32u.dll
0x00007ffdc1520000 - 0x00007ffdc17ba000 	C:\WINDOWS\WinSxS\amd64_microsoft.windows.common-controls_6595b64144ccf1df_6.0.26100.4484_none_3e0e6d4ce32ef3b3\COMCTL32.dll
0x00007ffdd4060000 - 0x00007ffdd408b000 	C:\WINDOWS\System32\GDI32.dll
0x00007ffdd36c0000 - 0x00007ffdd37f7000 	C:\WINDOWS\System32\gdi32full.dll
0x00007ffdd2c50000 - 0x00007ffdd2cf3000 	C:\WINDOWS\System32\msvcp_win.dll
0x00007ffdcb590000 - 0x00007ffdcb59b000 	C:\WINDOWS\SYSTEM32\VERSION.dll
0x00007ffdd4790000 - 0x00007ffdd47bf000 	C:\WINDOWS\System32\IMM32.DLL
0x00007ffdcf5c0000 - 0x00007ffdcf5cc000 	C:\Program Files\Java\jdk-21\bin\vcruntime140_1.dll
0x00007ffda77a0000 - 0x00007ffda782e000 	C:\Program Files\Java\jdk-21\bin\msvcp140.dll
0x00007ffd66240000 - 0x00007ffd66f57000 	C:\Program Files\Java\jdk-21\bin\server\jvm.dll
0x00007ffdd44a0000 - 0x00007ffdd4514000 	C:\WINDOWS\System32\WS2_32.dll
0x00007ffdd2aa0000 - 0x00007ffdd2afe000 	C:\WINDOWS\SYSTEM32\POWRPROF.dll
0x00007ffdcf7b0000 - 0x00007ffdcf7e5000 	C:\WINDOWS\SYSTEM32\WINMM.dll
0x00007ffdd2a80000 - 0x00007ffdd2a94000 	C:\WINDOWS\SYSTEM32\UMPDC.dll
0x00007ffdd19f0000 - 0x00007ffdd1a0b000 	C:\WINDOWS\SYSTEM32\kernel.appcore.dll
0x00007ffdcf570000 - 0x00007ffdcf57a000 	C:\Program Files\Java\jdk-21\bin\jimage.dll
0x00007ffdd0470000 - 0x00007ffdd06b1000 	C:\WINDOWS\SYSTEM32\DBGHELP.DLL
0x00007ffdd4090000 - 0x00007ffdd4416000 	C:\WINDOWS\System32\combase.dll
0x00007ffdd45a0000 - 0x00007ffdd4680000 	C:\WINDOWS\System32\OLEAUT32.dll
0x00007ffdcf760000 - 0x00007ffdcf7a3000 	C:\WINDOWS\SYSTEM32\dbgcore.DLL
0x00007ffdd3800000 - 0x00007ffdd3899000 	C:\WINDOWS\System32\bcryptPrimitives.dll
0x00007ffdc71d0000 - 0x00007ffdc720c000 	C:\Program Files\Java\jdk-21\bin\jdwp.dll
0x00007ffdcf4d0000 - 0x00007ffdcf4df000 	C:\Program Files\Java\jdk-21\bin\instrument.dll
0x00007ffdc74e0000 - 0x00007ffdc74ff000 	C:\Program Files\Java\jdk-21\bin\java.dll
0x00007ffdbfa70000 - 0x00007ffdbfa88000 	C:\Program Files\Java\jdk-21\bin\zip.dll
0x00007ffdd38a0000 - 0x00007ffdd3fea000 	C:\WINDOWS\System32\SHELL32.dll
0x00007ffdd3300000 - 0x00007ffdd3474000 	C:\WINDOWS\System32\wintypes.dll
0x00007ffdd0890000 - 0x00007ffdd10eb000 	C:\WINDOWS\SYSTEM32\windows.storage.dll
0x00007ffdd4690000 - 0x00007ffdd4785000 	C:\WINDOWS\System32\SHCORE.dll
0x00007ffdd4e50000 - 0x00007ffdd4eba000 	C:\WINDOWS\System32\shlwapi.dll
0x00007ffdd2b60000 - 0x00007ffdd2b8f000 	C:\WINDOWS\SYSTEM32\profapi.dll
0x00007ffda1c30000 - 0x00007ffda1d07000 	C:\Program Files\Java\jdk-21\bin\jsvml.dll
0x00007ffdcf4b0000 - 0x00007ffdcf4bc000 	C:\Program Files\Java\jdk-21\bin\dt_socket.dll
0x00007ffdd1450000 - 0x00007ffdd1483000 	C:\WINDOWS\SYSTEM32\IPHLPAPI.DLL
0x00007ffdd1f80000 - 0x00007ffdd1fea000 	C:\WINDOWS\system32\mswsock.dll
0x00007ffdcf490000 - 0x00007ffdcf4a0000 	C:\Program Files\Java\jdk-21\bin\net.dll
0x00007ffdc80f0000 - 0x00007ffdc820e000 	C:\WINDOWS\SYSTEM32\WINHTTP.dll
0x00007ffdc38b0000 - 0x00007ffdc38c6000 	C:\Program Files\Java\jdk-21\bin\nio.dll
0x00007ffdbfb60000 - 0x00007ffdbfb6e000 	C:\Program Files\Java\jdk-21\bin\sunmscapi.dll
0x00007ffdd3480000 - 0x00007ffdd35f7000 	C:\WINDOWS\System32\CRYPT32.dll
0x00007ffdd2450000 - 0x00007ffdd2480000 	C:\WINDOWS\SYSTEM32\ncrypt.dll
0x00007ffdd2400000 - 0x00007ffdd243f000 	C:\WINDOWS\SYSTEM32\NTASN1.dll
0x00007ffdd2230000 - 0x00007ffdd224b000 	C:\WINDOWS\SYSTEM32\CRYPTSP.dll
0x00007ffdd1950000 - 0x00007ffdd198b000 	C:\WINDOWS\system32\rsaenh.dll
0x00007ffdd2020000 - 0x00007ffdd204b000 	C:\WINDOWS\SYSTEM32\USERENV.dll
0x00007ffdd2b30000 - 0x00007ffdd2b56000 	C:\WINDOWS\SYSTEM32\bcrypt.dll
0x00007ffdd2250000 - 0x00007ffdd225c000 	C:\WINDOWS\SYSTEM32\CRYPTBASE.dll
0x00007ffdd4050000 - 0x00007ffdd405a000 	C:\WINDOWS\System32\NSI.dll
0x00007ffdc3b50000 - 0x00007ffdc3b5a000 	C:\Program Files\Java\jdk-21\bin\management.dll
0x00007ffdc38e0000 - 0x00007ffdc38eb000 	C:\Program Files\Java\jdk-21\bin\management_ext.dll
0x00007ffdd4040000 - 0x00007ffdd4048000 	C:\WINDOWS\System32\PSAPI.DLL
0x00007ffdc7510000 - 0x00007ffdc7520000 	C:\Program Files\Java\jdk-21\bin\verify.dll
0x00007ffdd14f0000 - 0x00007ffdd1616000 	C:\WINDOWS\SYSTEM32\DNSAPI.dll
0x00007ffdcb5a0000 - 0x00007ffdcb5ab000 	C:\Windows\System32\rasadhlp.dll
0x00007ffdcc370000 - 0x00007ffdcc3f6000 	C:\WINDOWS\System32\fwpuclnt.dll
0x00007ffdbfa60000 - 0x00007ffdbfa69000 	C:\Program Files\Java\jdk-21\bin\extnet.dll
0x00007ffdcb170000 - 0x00007ffdcb178000 	C:\WINDOWS\system32\wshunix.dll

dbghelp: loaded successfully - version: 4.0.5 - missing functions: none
symbol engine: initialized successfully - sym options: 0x614 - pdb path: .;C:\Program Files\Java\jdk-21\bin;C:\WINDOWS\SYSTEM32;C:\WINDOWS\WinSxS\amd64_microsoft.windows.common-controls_6595b64144ccf1df_6.0.26100.4484_none_3e0e6d4ce32ef3b3;C:\Program Files\Java\jdk-21\bin\server

VM Arguments:
jvm_args: -agentlib:jdwp=transport=dt_socket,address=127.0.0.1:49332,suspend=y,server=n -javaagent:C:\Users\Lenovo\AppData\Local\JetBrains\IdeaIC2023.2\captureAgent\debugger-agent.jar -Dfile.encoding=UTF-8 -Dsun.stdout.encoding=UTF-8 -Dsun.stderr.encoding=UTF-8 
java_command: com.example.QuizApplicationImplemented.QuizApplicationImplementedApplication
java_class_path (initial): C:\Users\Lenovo\OneDrive\Desktop\new git folder (quiz)\backend\QuizApplicationImplemented\target\classes;C:\Users\Lenovo\.m2\repository\org\springframework\boot\spring-boot-starter-data-jpa\3.5.3\spring-boot-starter-data-jpa-3.5.3.jar;C:\Users\Lenovo\.m2\repository\org\springframework\boot\spring-boot-starter\3.5.3\spring-boot-starter-3.5.3.jar;C:\Users\Lenovo\.m2\repository\org\springframework\boot\spring-boot\3.5.3\spring-boot-3.5.3.jar;C:\Users\Lenovo\.m2\repository\org\springframework\boot\spring-boot-autoconfigure\3.5.3\spring-boot-autoconfigure-3.5.3.jar;C:\Users\Lenovo\.m2\repository\org\springframework\boot\spring-boot-starter-logging\3.5.3\spring-boot-starter-logging-3.5.3.jar;C:\Users\Lenovo\.m2\repository\ch\qos\logback\logback-classic\1.5.18\logback-classic-1.5.18.jar;C:\Users\Lenovo\.m2\repository\ch\qos\logback\logback-core\1.5.18\logback-core-1.5.18.jar;C:\Users\Lenovo\.m2\repository\org\apache\logging\log4j\log4j-to-slf4j\2.24.3\log4j-to-slf4j-2.24.3.jar;C:\Users\Lenovo\.m2\repository\org\apache\logging\log4j\log4j-api\2.24.3\log4j-api-2.24.3.jar;C:\Users\Lenovo\.m2\repository\org\slf4j\jul-to-slf4j\2.0.17\jul-to-slf4j-2.0.17.jar;C:\Users\Lenovo\.m2\repository\jakarta\annotation\jakarta.annotation-api\2.1.1\jakarta.annotation-api-2.1.1.jar;C:\Users\Lenovo\.m2\repository\org\yaml\snakeyaml\2.4\snakeyaml-2.4.jar;C:\Users\Lenovo\.m2\repository\org\springframework\boot\spring-boot-starter-jdbc\3.5.3\spring-boot-starter-jdbc-3.5.3.jar;C:\Users\Lenovo\.m2\repository\com\zaxxer\HikariCP\6.3.0\HikariCP-6.3.0.jar;C:\Users\Lenovo\.m2\repository\org\springframework\spring-jdbc\6.2.8\spring-jdbc-6.2.8.jar;C:\Users\Lenovo\.m2\repository\org\hibernate\orm\hibernate-core\6.6.18.Final\hibernate-core-6.6.18.Final.jar;C:\Users\Lenovo\.m2\repository\jakarta\persistence\jakarta.persistence-api\3.1.0\jakarta.persistence-api-3.1.0.jar;C:\Users\Lenovo\.m2\repository\jakarta\transaction\jakarta.transaction-api\2.0.1\jakarta.transaction-api-2.0.1.jar;C:\Users\Lenovo\.m2\repository\org\jboss\logging\jboss-logging\3.6.1.Final\jboss-logging-3.6.1.Final.jar;C:\Users\Lenovo\.m2\repository\org\hibernate\common\hibernate-commons-annotations\7.0.3.Final\hibernate-commons-annotations-7.0.3.Final.jar;C:\Users\Lenovo\.m2\repository\io\smallrye\jandex\3.2.0\jandex-3.2.0.jar;C:\Users\Lenovo\.m2\repository\com\fasterxml\classmate\1.7.0\classmate-1.7.0.jar;C:\Users\Lenovo\.m2\repository\net\bytebuddy\byte-buddy\1.17.6\byte-buddy-1.17.6.jar;C:\Users\Lenovo\.m2\repository\org\glassfish\jaxb\jaxb-runtime\4.0.5\jaxb-runtime-4.0.5.jar;C:\Users\Lenovo\.m2\repository\org\glassfish\jaxb\jaxb-core\4.0.5\jaxb-core-4.0.5.jar;C:\Users\Lenovo\.m2\repository\org\glassfish\jaxb\txw2\4.0.5\txw2-4.0.5.jar;C:\Users\Lenovo\.m2\repository\com\sun\istack\istack-commons-runtime\4.1.2\istack-commons-runtime-4.1.2.jar;C:\Users\Lenovo\.m2\repository\jakarta\inject\jakarta.inject-api\2.0.1\jakarta.inject-api-2.0.1.jar;C:\Users\Lenovo\.m2\repository\org\antlr\antlr4-runtime\4.13.0\antlr4-runtime-4.13.0.jar;C:\Users\Lenovo\.m2\repository\org\springframework\data\spring-data-jpa\3.5.1\spring-data-jpa-3.5.1.jar;C:\Users\Lenovo\.m2\repository\org\springframework\data\spring-data-commons\3.5.1\spring-data-commons-3.5.1.jar;C:\Users\Lenovo\.m2\repository\org\springframework\spring-orm\6.2.8\spring-orm-6.2.8.jar;C:\Users\Lenovo\.m2\repository\org\springframework\spring-context\6.2.8\spring-context-6.2.8.jar;C:\Users\Lenovo\.m2\repository\org\springframework\spring-tx\6.2.8\spring-tx-6.2.8.jar;C:\Users\Lenovo\.m2\repository\org\springframework\spring-beans\6.2.8\spring-beans-6.2.8.jar;C:\Users\Lenovo\.m2\repository\org\slf4j\slf4j-api\2.0.17\slf4j-api-2.0.17.jar;C:\Users\Lenovo\.m2\repository\org\springframework\spring-aspects\6.2.8\spring-aspects-6.2.8.jar;C:\Users\Lenovo\.m2\repository\org\aspectj\aspectjweaver\1.9.24\aspectjweaver-1.9.24.jar;C:\Users\Lenovo\.m2\repository\org\springframework\boot\spring-boot-starter-security\3.5.3\spring-boot-starter-security-3.5.3.jar;C:\Users\Lenovo\.m2\repository\org\springframework\spring-aop\6.2.8\spring-aop-6.2.8.jar;C:\Users\Lenovo\.m2\repository\org\springframework\security\spring-security-config\6.5.1\spring-security-config-6.5.1.jar;C:\Users\Lenovo\.m2\repository\org\springframework\security\spring-security-web\6.5.1\spring-security-web-6.5.1.jar;C:\Users\Lenovo\.m2\repository\org\springframework\spring-expression\6.2.8\spring-expression-6.2.8.jar;C:\Users\Lenovo\.m2\repository\org\springframework\boot\spring-boot-starter-web\3.5.3\spring-boot-starter-web-3.5.3.jar;C:\Users\Lenovo\.m2\repository\org\springframework\boot\spring-boot-starter-json\3.5.3\spring-boot-starter-json-3.5.3.jar;C:\Users\Lenovo\.m2\repository\com\fasterxml\jackson\datatype\jackson-datatype-jdk8\2.19.1\jackson-datatype-jdk8-2.19.1.jar;C:\Users\Lenovo\.m2\repository\com\fasterxml\jackson\datatype\jackson-datatype-jsr310\2.19.1\jackson-datatype-jsr310-2.19.1.jar;C:\Users\Lenovo\.m2\repository\com\fasterxml\jackson\module\jackson-module-parameter-names\2.19.1\jackson-module-parameter-names-2.19.1.jar;C:\Users\Lenovo\.m2\repository\org\springframework\boot\spring-boot-starter-tomcat\3.5.3\spring-boot-starter-tomcat-3.5.3.jar;C:\Users\Lenovo\.m2\repository\org\apache\tomcat\embed\tomcat-embed-core\10.1.42\tomcat-embed-core-10.1.42.jar;C:\Users\Lenovo\.m2\repository\org\apache\tomcat\embed\tomcat-embed-el\10.1.42\tomcat-embed-el-10.1.42.jar;C:\Users\Lenovo\.m2\repository\org\apache\tomcat\embed\tomcat-embed-websocket\10.1.42\tomcat-embed-websocket-10.1.42.jar;C:\Users\Lenovo\.m2\repository\org\springframework\spring-web\6.2.8\spring-web-6.2.8.jar;C:\Users\Lenovo\.m2\repository\io\micrometer\micrometer-observation\1.15.1\micrometer-observation-1.15.1.jar;C:\Users\Lenovo\.m2\repository\io\micrometer\micrometer-commons\1.15.1\micrometer-commons-1.15.1.jar;C:\Users\Lenovo\.m2\repository\org\springframework\spring-webmvc\6.2.8\spring-webmvc-6.2.8.jar;C:\Users\Lenovo\.m2\repository\org\postgresql\postgresql\42.7.2\postgresql-42.7.2.jar;C:\Users\Lenovo\.m2\repository\org\checkerframework\checker-qual\3.42.0\checker-qual-3.42.0.jar;C:\Users\Lenovo\.m2\repository\org\projectlombok\lombok\1.18.38\lombok-1.18.38.jar;C:\Users\Lenovo\.m2\repository\jakarta\xml\bind\jakarta.xml.bind-api\4.0.2\jakarta.xml.bind-api-4.0.2.jar;C:\Users\Lenovo\.m2\repository\jakarta\activation\jakarta.activation-api\2.1.3\jakarta.activation-api-2.1.3.jar;C:\Users\Lenovo\.m2\repository\org\springframework\spring-core\6.2.8\spring-core-6.2.8.jar;C:\Users\Lenovo\.m2\repository\org\springframework\spring-jcl\6.2.8\spring-jcl-6.2.8.jar;C:\Users\Lenovo\.m2\repository\org\springframework\security\spring-security-core\6.5.1\spring-security-core-6.5.1.jar;C:\Users\Lenovo\.m2\repository\org\springframework\security\spring-security-crypto\6.5.1\spring-security-crypto-6.5.1.jar;C:\Users\Lenovo\.m2\repository\io\jsonwebtoken\jjwt-api\0.12.3\jjwt-api-0.12.3.jar;C:\Users\Lenovo\.m2\repository\io\jsonwebtoken\jjwt-impl\0.12.3\jjwt-impl-0.12.3.jar;C:\Users\Lenovo\.m2\repository\io\jsonwebtoken\jjwt-jackson\0.12.3\jjwt-jackson-0.12.3.jar;C:\Users\Lenovo\.m2\repository\com\fasterxml\jackson\core\jackson-databind\2.19.1\jackson-databind-2.19.1.jar;C:\Users\Lenovo\.m2\repository\com\fasterxml\jackson\core\jackson-annotations\2.19.1\jackson-annotations-2.19.1.jar;C:\Users\Lenovo\.m2\repository\com\fasterxml\jackson\core\jackson-core\2.19.1\jackson-core-2.19.1.jar;C:\Users\Lenovo\.m2\repository\org\springframework\boot\spring-boot-starter-mail\3.5.3\spring-boot-starter-mail-3.5.3.jar;C:\Users\Lenovo\.m2\repository\org\springframework\spring-context-support\6.2.8\spring-context-support-6.2.8.jar;C:\Users\Lenovo\.m2\repository\org\eclipse\angus\jakarta.mail\2.0.3\jakarta.mail-2.0.3.jar;C:\Users\Lenovo\.m2\repository\org\eclipse\angus\angus-activation\2.0.2\angus-activation-2.0.2.jar;C:\Program Files\JetBrains\IntelliJ IDEA Community Edition 2023.2.5\lib\idea_rt.jar
Launcher Type: SUN_STANDARD

[Global flags]
     intx CICompilerCount                          = 4                                         {product} {ergonomic}
     uint ConcGCThreads                            = 3                                         {product} {ergonomic}
     uint G1ConcRefinementThreads                  = 10                                        {product} {ergonomic}
   size_t G1HeapRegionSize                         = 2097152                                   {product} {ergonomic}
    uintx GCDrainStackTargetSize                   = 64                                        {product} {ergonomic}
   size_t InitialHeapSize                          = 257949696                                 {product} {ergonomic}
   size_t MarkStackSize                            = 4194304                                   {product} {ergonomic}
   size_t MaxHeapSize                              = 4118806528                                {product} {ergonomic}
   size_t MaxNewSize                               = 2470445056                                {product} {ergonomic}
   size_t MinHeapDeltaBytes                        = 2097152                                   {product} {ergonomic}
   size_t MinHeapSize                              = 8388608                                   {product} {ergonomic}
    uintx NonNMethodCodeHeapSize                   = 5839372                                {pd product} {ergonomic}
    uintx NonProfiledCodeHeapSize                  = 122909434                              {pd product} {ergonomic}
    uintx ProfiledCodeHeapSize                     = 122909434                              {pd product} {ergonomic}
    uintx ReservedCodeCacheSize                    = 251658240                              {pd product} {ergonomic}
     bool SegmentedCodeCache                       = true                                      {product} {ergonomic}
   size_t SoftMaxHeapSize                          = 4118806528                             {manageable} {ergonomic}
     bool UseCompressedOops                        = true                           {product lp64_product} {ergonomic}
     bool UseG1GC                                  = true                                      {product} {ergonomic}
     bool UseLargePagesIndividualAllocation        = false                                  {pd product} {ergonomic}

Logging:
Log output configuration:
 #0: stdout all=warning uptime,level,tags foldmultilines=false
 #1: stderr all=off uptime,level,tags foldmultilines=false

Environment Variables:
PATH=C:\Program Files\Common Files\Oracle\Java\javapath;C:\WINDOWS\system32;C:\WINDOWS;C:\WINDOWS\System32\Wbem;C:\WINDOWS\System32\WindowsPowerShell\v1.0\;C:\WINDOWS\System32\OpenSSH\;C:\Program Files\Java\jdk-20\bin;C:\Program Files\Git\cmd;C:\Program Files\nodejs\;C:\Program Files\Go\bin;C:\Program Files\MySQL\MySQL Shell 8.0\bin\;C:\Users\Lenovo\AppData\Local\Microsoft\WindowsApps;C:\Program Files\JetBrains\IntelliJ IDEA Community Edition 2023.2.5\bin;;C:\Users\Lenovo\AppData\Local\Programs\Microsoft VS Code\bin;C:\Program Files\PostgreSQL\15\bin;C:\Users\Lenovo\AppData\Roaming\npm;C:\Users\Lenovo\go\bin
USERNAME=Lenovo
OS=Windows_NT
PROCESSOR_IDENTIFIER=AMD64 Family 23 Model 104 Stepping 1, AuthenticAMD
TMP=C:\Users\Lenovo\AppData\Local\Temp
TEMP=C:\Users\Lenovo\AppData\Local\Temp




Periodic native trim disabled

---------------  S Y S T E M  ---------------

OS:
 Windows 11 , 64 bit Build 26100 (10.0.26100.4484)
OS uptime: 13 days 2:21 hours
Hyper-V role detected

CPU: total 12 (initial active 12) (12 cores per cpu, 2 threads per core) family 23 model 104 stepping 1 microcode 0x8608107, cx8, cmov, fxsr, ht, mmx, 3dnowpref, sse, sse2, sse3, ssse3, sse4a, sse4.1, sse4.2, popcnt, lzcnt, tsc, tscinvbit, avx, avx2, aes, clmul, bmi1, bmi2, adx, sha, fma, vzeroupper, clflush, clflushopt, hv, rdtscp, rdpid, f16c
Processor Information for processor 0
  Max Mhz: 2100, Current Mhz: 1813, Mhz Limit: 2100
Processor Information for processor 1
  Max Mhz: 2100, Current Mhz: 1813, Mhz Limit: 2100
Processor Information for processor 2
  Max Mhz: 2100, Current Mhz: 2100, Mhz Limit: 2100
Processor Information for processor 3
  Max Mhz: 2100, Current Mhz: 1813, Mhz Limit: 2100
Processor Information for processor 4
  Max Mhz: 2100, Current Mhz: 1813, Mhz Limit: 2100
Processor Information for processor 5
  Max Mhz: 2100, Current Mhz: 1813, Mhz Limit: 2100
Processor Information for processor 6
  Max Mhz: 2100, Current Mhz: 1813, Mhz Limit: 2100
Processor Information for processor 7
  Max Mhz: 2100, Current Mhz: 1813, Mhz Limit: 2100
Processor Information for processor 8
  Max Mhz: 2100, Current Mhz: 1813, Mhz Limit: 2100
Processor Information for processor 9
  Max Mhz: 2100, Current Mhz: 1813, Mhz Limit: 2100
Processor Information for processor 10
  Max Mhz: 2100, Current Mhz: 1813, Mhz Limit: 2100
Processor Information for processor 11
  Max Mhz: 2100, Current Mhz: 1813, Mhz Limit: 2100

Memory: 4k page, system-wide physical 15709M (1061M free)
TotalPageFile size 45933M (AvailPageFile size 5M)
current process WorkingSet (physical memory assigned to process): 328M, peak: 383M
current process commit charge ("private bytes"): 368M, peak: 420M

vm_info: Java HotSpot(TM) 64-Bit Server VM (21.0.2+13-LTS-58) for windows-amd64 JRE (21.0.2+13-LTS-58), built on 2024-01-05T18:32:24Z by "mach5one" with MS VC++ 17.1 (VS2022)

END.
